[2018-04-16 17:10:16.103] [ INFO] [Thread-3] DefaultLifecycleProcessor Stopping beans in phase 2147483647
[2018-04-16 17:17:29.736] [ INFO] [main] RedissonTest Starting RedissonTest on tank.local with PID 1693 (started by duanzhiwei in /Users/duanzhiwei/work/self/spring-boot-api-project-seed-master)
[2018-04-16 17:17:29.737] [ INFO] [main] RedissonTest The following profiles are active: prod
[2018-04-16 17:17:29.765] [ INFO] [main] GenericWebApplicationContext Refreshing org.springframework.web.context.support.GenericWebApplicationContext@53ce1329: startup date [Mon Apr 16 17:17:29 CST 2018]; root of context hierarchy
[2018-04-16 17:17:30.036] [ INFO] [background-preinit] Version HV000001: Hibernate Validator 5.3.6.Final
[2018-04-16 17:17:30.556] [ WARN] [main] ClassPathMapperScanner No MyBatis mapper was found in '[com.company.project]' package. Please check your configuration.
[2018-04-16 17:17:30.618] [ WARN] [main] ConfigurationClassPostProcessor Cannot enhance @Configuration bean definition 'mybatisConfigurer' since its singleton instance has been created too early. The typical cause is a non-static @Bean method with a BeanDefinitionRegistryPostProcessor return type: Consider declaring such methods as 'static'.
[2018-04-16 17:17:30.939] [ INFO] [main] PostProcessorRegistrationDelegate$BeanPostProcessorChecker Bean 'org.springframework.transaction.annotation.ProxyTransactionManagementConfiguration' of type [org.springframework.transaction.annotation.ProxyTransactionManagementConfiguration$$EnhancerBySpringCGLIB$$5956af82] is not eligible for getting processed by all BeanPostProcessors (for example: not eligible for auto-proxying)
[2018-04-16 17:17:32.388] [ INFO] [main] MybatisConfigurer --------------------  sqlSessionFactory init ---------------------
[2018-04-16 17:17:33.196] [ INFO] [main] RequestMappingHandlerMapping Mapped "{[/student],methods=[POST]}" onto public com.company.project.core.common.Result<com.company.project.domain.model.Student> com.company.project.web.StudentController.add(com.company.project.domain.model.Student)
[2018-04-16 17:17:33.197] [ INFO] [main] RequestMappingHandlerMapping Mapped "{[/student],methods=[PUT]}" onto public com.company.project.core.common.Result<com.company.project.domain.model.Student> com.company.project.web.StudentController.update(com.company.project.domain.model.Student)
[2018-04-16 17:17:33.198] [ INFO] [main] RequestMappingHandlerMapping Mapped "{[/student/{id}],methods=[DELETE]}" onto public com.company.project.core.common.Result<java.lang.String> com.company.project.web.StudentController.delete(java.lang.String)
[2018-04-16 17:17:33.198] [ INFO] [main] RequestMappingHandlerMapping Mapped "{[/student],methods=[GET]}" onto public com.company.project.core.common.Result<com.github.pagehelper.PageInfo<com.company.project.domain.model.Student>> com.company.project.web.StudentController.list(java.lang.Integer,java.lang.Integer)
[2018-04-16 17:17:33.198] [ INFO] [main] RequestMappingHandlerMapping Mapped "{[/student/{id}],methods=[GET]}" onto public com.company.project.core.common.Result<com.company.project.domain.model.Student> com.company.project.web.StudentController.detail(java.lang.String)
[2018-04-16 17:17:33.202] [ INFO] [main] RequestMappingHandlerMapping Mapped "{[/swagger-resources]}" onto public org.springframework.http.ResponseEntity<java.util.List<springfox.documentation.swagger.web.SwaggerResource>> springfox.documentation.swagger.web.ApiResourceController.swaggerResources()
[2018-04-16 17:17:33.202] [ INFO] [main] RequestMappingHandlerMapping Mapped "{[/swagger-resources/configuration/security]}" onto public org.springframework.http.ResponseEntity<springfox.documentation.swagger.web.SecurityConfiguration> springfox.documentation.swagger.web.ApiResourceController.securityConfiguration()
[2018-04-16 17:17:33.202] [ INFO] [main] RequestMappingHandlerMapping Mapped "{[/swagger-resources/configuration/ui]}" onto public org.springframework.http.ResponseEntity<springfox.documentation.swagger.web.UiConfiguration> springfox.documentation.swagger.web.ApiResourceController.uiConfiguration()
[2018-04-16 17:17:33.206] [ INFO] [main] RequestMappingHandlerMapping Mapped "{[/error]}" onto public org.springframework.http.ResponseEntity<java.util.Map<java.lang.String, java.lang.Object>> org.springframework.boot.autoconfigure.web.BasicErrorController.error(javax.servlet.http.HttpServletRequest)
[2018-04-16 17:17:33.206] [ INFO] [main] RequestMappingHandlerMapping Mapped "{[/error],produces=[text/html]}" onto public org.springframework.web.servlet.ModelAndView org.springframework.boot.autoconfigure.web.BasicErrorController.errorHtml(javax.servlet.http.HttpServletRequest,javax.servlet.http.HttpServletResponse)
[2018-04-16 17:17:33.365] [ INFO] [main] PropertySourcedRequestMappingHandlerMapping Mapped URL path [/v2/api-docs] onto method [public org.springframework.http.ResponseEntity<springfox.documentation.spring.web.json.Json> springfox.documentation.swagger2.web.Swagger2Controller.getDocumentation(java.lang.String,javax.servlet.http.HttpServletRequest)]
[2018-04-16 17:17:33.372] [ INFO] [main] Swagger2 swagger组件开启状态：true
[2018-04-16 17:17:33.818] [ INFO] [main] RequestMappingHandlerAdapter Looking for @ControllerAdvice: org.springframework.web.context.support.GenericWebApplicationContext@53ce1329: startup date [Mon Apr 16 17:17:29 CST 2018]; root of context hierarchy
[2018-04-16 17:17:33.876] [ INFO] [main] SimpleUrlHandlerMapping Mapped URL path [/webjars/**] onto handler of type [class org.springframework.web.servlet.resource.ResourceHttpRequestHandler]
[2018-04-16 17:17:33.876] [ INFO] [main] SimpleUrlHandlerMapping Mapped URL path [/**] onto handler of type [class org.springframework.web.servlet.resource.ResourceHttpRequestHandler]
[2018-04-16 17:17:33.914] [ INFO] [main] SimpleUrlHandlerMapping Mapped URL path [/**/favicon.ico] onto handler of type [class org.springframework.web.servlet.resource.ResourceHttpRequestHandler]
[2018-04-16 17:17:34.261] [ INFO] [main] DefaultLifecycleProcessor Starting beans in phase 2147483647
[2018-04-16 17:17:34.261] [ INFO] [main] DocumentationPluginsBootstrapper Context refreshed
[2018-04-16 17:17:34.285] [ INFO] [main] DocumentationPluginsBootstrapper Found 1 custom documentation plugin(s)
[2018-04-16 17:17:34.315] [ INFO] [main] ApiListingReferenceScanner Scanning for api listing references
[2018-04-16 17:17:34.454] [ INFO] [main] RedissonTest Started RedissonTest in 5.277 seconds (JVM running for 5.907)
[2018-04-16 17:17:34.481] [ERROR] [main] TestContextManager Caught exception while allowing TestExecutionListener [org.springframework.boot.test.autoconfigure.SpringBootDependencyInjectionTestExecutionListener@12c8a2c0] to prepare test instance [com.company.project.RedissonTest@105ffc58]
org.springframework.beans.factory.UnsatisfiedDependencyException: Error creating bean with name 'com.company.project.RedissonTest': Unsatisfied dependency expressed through field 'client'; nested exception is org.springframework.beans.factory.NoSuchBeanDefinitionException: No qualifying bean of type 'org.redisson.api.RedissonClient' available: expected at least 1 bean which qualifies as autowire candidate. Dependency annotations: {@org.springframework.beans.factory.annotation.Autowired(required=true)}
	at org.springframework.beans.factory.annotation.AutowiredAnnotationBeanPostProcessor$AutowiredFieldElement.inject(AutowiredAnnotationBeanPostProcessor.java:588)
	at org.springframework.beans.factory.annotation.InjectionMetadata.inject(InjectionMetadata.java:88)
	at org.springframework.beans.factory.annotation.AutowiredAnnotationBeanPostProcessor.postProcessPropertyValues(AutowiredAnnotationBeanPostProcessor.java:366)
	at org.springframework.beans.factory.support.AbstractAutowireCapableBeanFactory.populateBean(AbstractAutowireCapableBeanFactory.java:1264)
	at org.springframework.beans.factory.support.AbstractAutowireCapableBeanFactory.autowireBeanProperties(AbstractAutowireCapableBeanFactory.java:386)
	at org.springframework.test.context.support.DependencyInjectionTestExecutionListener.injectDependencies(DependencyInjectionTestExecutionListener.java:118)
	at org.springframework.test.context.support.DependencyInjectionTestExecutionListener.prepareTestInstance(DependencyInjectionTestExecutionListener.java:83)
	at org.springframework.boot.test.autoconfigure.SpringBootDependencyInjectionTestExecutionListener.prepareTestInstance(SpringBootDependencyInjectionTestExecutionListener.java:44)
	at org.springframework.test.context.TestContextManager.prepareTestInstance(TestContextManager.java:230)
	at org.springframework.test.context.junit4.SpringJUnit4ClassRunner.createTest(SpringJUnit4ClassRunner.java:228)
	at org.springframework.test.context.junit4.SpringJUnit4ClassRunner$1.runReflectiveCall(SpringJUnit4ClassRunner.java:287)
	at org.junit.internal.runners.model.ReflectiveCallable.run(ReflectiveCallable.java:12)
	at org.springframework.test.context.junit4.SpringJUnit4ClassRunner.methodBlock(SpringJUnit4ClassRunner.java:289)
	at org.springframework.test.context.junit4.SpringJUnit4ClassRunner.runChild(SpringJUnit4ClassRunner.java:247)
	at org.springframework.test.context.junit4.SpringJUnit4ClassRunner.runChild(SpringJUnit4ClassRunner.java:94)
	at org.junit.runners.ParentRunner$3.run(ParentRunner.java:290)
	at org.junit.runners.ParentRunner$1.schedule(ParentRunner.java:71)
	at org.junit.runners.ParentRunner.runChildren(ParentRunner.java:288)
	at org.junit.runners.ParentRunner.access$000(ParentRunner.java:58)
	at org.junit.runners.ParentRunner$2.evaluate(ParentRunner.java:268)
	at org.springframework.test.context.junit4.statements.RunBeforeTestClassCallbacks.evaluate(RunBeforeTestClassCallbacks.java:61)
	at org.springframework.test.context.junit4.statements.RunAfterTestClassCallbacks.evaluate(RunAfterTestClassCallbacks.java:70)
	at org.junit.runners.ParentRunner.run(ParentRunner.java:363)
	at org.springframework.test.context.junit4.SpringJUnit4ClassRunner.run(SpringJUnit4ClassRunner.java:191)
	at org.eclipse.jdt.internal.junit4.runner.JUnit4TestReference.run(JUnit4TestReference.java:86)
	at org.eclipse.jdt.internal.junit.runner.TestExecution.run(TestExecution.java:38)
	at org.eclipse.jdt.internal.junit.runner.RemoteTestRunner.runTests(RemoteTestRunner.java:538)
	at org.eclipse.jdt.internal.junit.runner.RemoteTestRunner.runTests(RemoteTestRunner.java:760)
	at org.eclipse.jdt.internal.junit.runner.RemoteTestRunner.run(RemoteTestRunner.java:460)
	at org.eclipse.jdt.internal.junit.runner.RemoteTestRunner.main(RemoteTestRunner.java:206)
Caused by: org.springframework.beans.factory.NoSuchBeanDefinitionException: No qualifying bean of type 'org.redisson.api.RedissonClient' available: expected at least 1 bean which qualifies as autowire candidate. Dependency annotations: {@org.springframework.beans.factory.annotation.Autowired(required=true)}
	at org.springframework.beans.factory.support.DefaultListableBeanFactory.raiseNoMatchingBeanFound(DefaultListableBeanFactory.java:1493)
	at org.springframework.beans.factory.support.DefaultListableBeanFactory.doResolveDependency(DefaultListableBeanFactory.java:1104)
	at org.springframework.beans.factory.support.DefaultListableBeanFactory.resolveDependency(DefaultListableBeanFactory.java:1066)
	at org.springframework.beans.factory.annotation.AutowiredAnnotationBeanPostProcessor$AutowiredFieldElement.inject(AutowiredAnnotationBeanPostProcessor.java:585)
	... 29 common frames omitted
[2018-04-16 17:17:34.490] [ INFO] [Thread-3] GenericWebApplicationContext Closing org.springframework.web.context.support.GenericWebApplicationContext@53ce1329: startup date [Mon Apr 16 17:17:29 CST 2018]; root of context hierarchy
[2018-04-16 17:17:34.492] [ INFO] [Thread-3] DefaultLifecycleProcessor Stopping beans in phase 2147483647
[2018-04-16 17:20:05.869] [ INFO] [restartedMain] Application Starting Application on tank.local with PID 1697 (/Users/duanzhiwei/work/self/spring-boot-api-project-seed-master/target/classes started by duanzhiwei in /Users/duanzhiwei/work/self/spring-boot-api-project-seed-master)
[2018-04-16 17:20:05.872] [ INFO] [restartedMain] Application The following profiles are active: prod
[2018-04-16 17:20:05.955] [ INFO] [restartedMain] AnnotationConfigEmbeddedWebApplicationContext Refreshing org.springframework.boot.context.embedded.AnnotationConfigEmbeddedWebApplicationContext@383f822: startup date [Mon Apr 16 17:20:05 CST 2018]; root of context hierarchy
[2018-04-16 17:20:06.177] [ INFO] [background-preinit] Version HV000001: Hibernate Validator 5.3.6.Final
[2018-04-16 17:20:06.860] [ WARN] [restartedMain] ClassPathMapperScanner No MyBatis mapper was found in '[com.company.project]' package. Please check your configuration.
[2018-04-16 17:20:06.941] [ WARN] [restartedMain] ConfigurationClassPostProcessor Cannot enhance @Configuration bean definition 'mybatisConfigurer' since its singleton instance has been created too early. The typical cause is a non-static @Bean method with a BeanDefinitionRegistryPostProcessor return type: Consider declaring such methods as 'static'.
[2018-04-16 17:20:07.231] [ INFO] [restartedMain] PostProcessorRegistrationDelegate$BeanPostProcessorChecker Bean 'org.springframework.transaction.annotation.ProxyTransactionManagementConfiguration' of type [org.springframework.transaction.annotation.ProxyTransactionManagementConfiguration$$EnhancerBySpringCGLIB$$9ff6020b] is not eligible for getting processed by all BeanPostProcessors (for example: not eligible for auto-proxying)
[2018-04-16 17:20:07.935] [ INFO] [restartedMain] TomcatEmbeddedServletContainer Tomcat initialized with port(s): 8080 (http)
[2018-04-16 17:20:07.947] [ INFO] [restartedMain] StandardService Starting service [Tomcat]
[2018-04-16 17:20:07.948] [ INFO] [restartedMain] StandardEngine Starting Servlet Engine: Apache Tomcat/8.5.23
[2018-04-16 17:20:08.042] [ INFO] [localhost-startStop-1] [/test] Initializing Spring embedded WebApplicationContext
[2018-04-16 17:20:08.042] [ INFO] [localhost-startStop-1] ContextLoader Root WebApplicationContext: initialization completed in 2087 ms
[2018-04-16 17:20:08.283] [ INFO] [localhost-startStop-1] ServletRegistrationBean Mapping servlet: 'dispatcherServlet' to [/]
[2018-04-16 17:20:08.286] [ INFO] [localhost-startStop-1] ServletRegistrationBean Mapping servlet: 'statViewServlet' to [/druid/*]
[2018-04-16 17:20:08.290] [ INFO] [localhost-startStop-1] FilterRegistrationBean Mapping filter: 'characterEncodingFilter' to: [/*]
[2018-04-16 17:20:08.290] [ INFO] [localhost-startStop-1] FilterRegistrationBean Mapping filter: 'hiddenHttpMethodFilter' to: [/*]
[2018-04-16 17:20:08.291] [ INFO] [localhost-startStop-1] FilterRegistrationBean Mapping filter: 'httpPutFormContentFilter' to: [/*]
[2018-04-16 17:20:08.291] [ INFO] [localhost-startStop-1] FilterRegistrationBean Mapping filter: 'requestContextFilter' to: [/*]
[2018-04-16 17:20:08.291] [ INFO] [localhost-startStop-1] FilterRegistrationBean Mapping filter: 'webStatFilter' to urls: [/*]
[2018-04-16 17:20:09.532] [ INFO] [restartedMain] MybatisConfigurer --------------------  sqlSessionFactory init ---------------------
[2018-04-16 17:20:10.368] [ INFO] [restartedMain] RequestMappingHandlerMapping Mapped "{[/student],methods=[POST]}" onto public com.company.project.core.common.Result<com.company.project.domain.model.Student> com.company.project.web.StudentController.add(com.company.project.domain.model.Student)
[2018-04-16 17:20:10.369] [ INFO] [restartedMain] RequestMappingHandlerMapping Mapped "{[/student],methods=[PUT]}" onto public com.company.project.core.common.Result<com.company.project.domain.model.Student> com.company.project.web.StudentController.update(com.company.project.domain.model.Student)
[2018-04-16 17:20:10.369] [ INFO] [restartedMain] RequestMappingHandlerMapping Mapped "{[/student/{id}],methods=[DELETE]}" onto public com.company.project.core.common.Result<java.lang.String> com.company.project.web.StudentController.delete(java.lang.String)
[2018-04-16 17:20:10.369] [ INFO] [restartedMain] RequestMappingHandlerMapping Mapped "{[/student],methods=[GET]}" onto public com.company.project.core.common.Result<com.github.pagehelper.PageInfo<com.company.project.domain.model.Student>> com.company.project.web.StudentController.list(java.lang.Integer,java.lang.Integer)
[2018-04-16 17:20:10.370] [ INFO] [restartedMain] RequestMappingHandlerMapping Mapped "{[/student/{id}],methods=[GET]}" onto public com.company.project.core.common.Result<com.company.project.domain.model.Student> com.company.project.web.StudentController.detail(java.lang.String)
[2018-04-16 17:20:10.374] [ INFO] [restartedMain] RequestMappingHandlerMapping Mapped "{[/swagger-resources/configuration/ui]}" onto public org.springframework.http.ResponseEntity<springfox.documentation.swagger.web.UiConfiguration> springfox.documentation.swagger.web.ApiResourceController.uiConfiguration()
[2018-04-16 17:20:10.375] [ INFO] [restartedMain] RequestMappingHandlerMapping Mapped "{[/swagger-resources/configuration/security]}" onto public org.springframework.http.ResponseEntity<springfox.documentation.swagger.web.SecurityConfiguration> springfox.documentation.swagger.web.ApiResourceController.securityConfiguration()
[2018-04-16 17:20:10.375] [ INFO] [restartedMain] RequestMappingHandlerMapping Mapped "{[/swagger-resources]}" onto public org.springframework.http.ResponseEntity<java.util.List<springfox.documentation.swagger.web.SwaggerResource>> springfox.documentation.swagger.web.ApiResourceController.swaggerResources()
[2018-04-16 17:20:10.378] [ INFO] [restartedMain] RequestMappingHandlerMapping Mapped "{[/error]}" onto public org.springframework.http.ResponseEntity<java.util.Map<java.lang.String, java.lang.Object>> org.springframework.boot.autoconfigure.web.BasicErrorController.error(javax.servlet.http.HttpServletRequest)
[2018-04-16 17:20:10.378] [ INFO] [restartedMain] RequestMappingHandlerMapping Mapped "{[/error],produces=[text/html]}" onto public org.springframework.web.servlet.ModelAndView org.springframework.boot.autoconfigure.web.BasicErrorController.errorHtml(javax.servlet.http.HttpServletRequest,javax.servlet.http.HttpServletResponse)
[2018-04-16 17:20:10.576] [ INFO] [restartedMain] PropertySourcedRequestMappingHandlerMapping Mapped URL path [/v2/api-docs] onto method [public org.springframework.http.ResponseEntity<springfox.documentation.spring.web.json.Json> springfox.documentation.swagger2.web.Swagger2Controller.getDocumentation(java.lang.String,javax.servlet.http.HttpServletRequest)]
[2018-04-16 17:20:10.583] [ INFO] [restartedMain] Swagger2 swagger组件开启状态：true
[2018-04-16 17:20:10.814] [ INFO] [restartedMain] RequestMappingHandlerAdapter Looking for @ControllerAdvice: org.springframework.boot.context.embedded.AnnotationConfigEmbeddedWebApplicationContext@383f822: startup date [Mon Apr 16 17:20:05 CST 2018]; root of context hierarchy
[2018-04-16 17:20:10.870] [ INFO] [restartedMain] SimpleUrlHandlerMapping Mapped URL path [/webjars/**] onto handler of type [class org.springframework.web.servlet.resource.ResourceHttpRequestHandler]
[2018-04-16 17:20:10.870] [ INFO] [restartedMain] SimpleUrlHandlerMapping Mapped URL path [/**] onto handler of type [class org.springframework.web.servlet.resource.ResourceHttpRequestHandler]
[2018-04-16 17:20:10.904] [ INFO] [restartedMain] SimpleUrlHandlerMapping Mapped URL path [/**/favicon.ico] onto handler of type [class org.springframework.web.servlet.resource.ResourceHttpRequestHandler]
[2018-04-16 17:20:11.150] [ INFO] [restartedMain] OptionalLiveReloadServer LiveReload server is running on port 35729
[2018-04-16 17:20:11.205] [ INFO] [restartedMain] AnnotationMBeanExporter Registering beans for JMX exposure on startup
[2018-04-16 17:20:11.206] [ INFO] [restartedMain] AnnotationMBeanExporter Bean with name 'dataSourceWrite' has been autodetected for JMX exposure
[2018-04-16 17:20:11.207] [ INFO] [restartedMain] AnnotationMBeanExporter Bean with name 'dataSourceRead' has been autodetected for JMX exposure
[2018-04-16 17:20:11.207] [ INFO] [restartedMain] AnnotationMBeanExporter Bean with name 'statFilter' has been autodetected for JMX exposure
[2018-04-16 17:20:11.212] [ INFO] [restartedMain] AnnotationMBeanExporter Located MBean 'dataSourceWrite': registering with JMX server as MBean [test:name=dataSourceWrite,type=DruidDataSourceWrapper]
[2018-04-16 17:20:11.216] [ INFO] [restartedMain] AnnotationMBeanExporter Located MBean 'dataSourceRead': registering with JMX server as MBean [test:name=dataSourceRead,type=DruidDataSourceWrapper]
[2018-04-16 17:20:11.217] [ INFO] [restartedMain] AnnotationMBeanExporter Located MBean 'statFilter': registering with JMX server as MBean [test:name=statFilter,type=StatFilter]
[2018-04-16 17:20:11.219] [ INFO] [restartedMain] DefaultLifecycleProcessor Starting beans in phase 2147483647
[2018-04-16 17:20:11.220] [ INFO] [restartedMain] DocumentationPluginsBootstrapper Context refreshed
[2018-04-16 17:20:11.239] [ INFO] [restartedMain] DocumentationPluginsBootstrapper Found 1 custom documentation plugin(s)
