[2018-04-16 16:44:20.827] [ INFO] [Thread-3] DefaultLifecycleProcessor Stopping beans in phase 2147483647
[2018-04-16 16:47:05.209] [ INFO] [main] RedissonTest Starting RedissonTest on tank.local with PID 1641 (started by duanzhiwei in /Users/duanzhiwei/work/self/spring-boot-api-project-seed-master)
[2018-04-16 16:47:05.210] [ INFO] [main] RedissonTest The following profiles are active: prod
[2018-04-16 16:47:05.239] [ INFO] [main] GenericWebApplicationContext Refreshing org.springframework.web.context.support.GenericWebApplicationContext@53ce1329: startup date [Mon Apr 16 16:47:05 CST 2018]; root of context hierarchy
[2018-04-16 16:47:05.493] [ INFO] [background-preinit] Version HV000001: Hibernate Validator 5.3.6.Final
[2018-04-16 16:47:06.053] [ WARN] [main] ClassPathMapperScanner No MyBatis mapper was found in '[com.company.project]' package. Please check your configuration.
[2018-04-16 16:47:06.126] [ WARN] [main] ConfigurationClassPostProcessor Cannot enhance @Configuration bean definition 'mybatisConfigurer' since its singleton instance has been created too early. The typical cause is a non-static @Bean method with a BeanDefinitionRegistryPostProcessor return type: Consider declaring such methods as 'static'.
[2018-04-16 16:47:06.513] [ INFO] [main] PostProcessorRegistrationDelegate$BeanPostProcessorChecker Bean 'org.springframework.transaction.annotation.ProxyTransactionManagementConfiguration' of type [org.springframework.transaction.annotation.ProxyTransactionManagementConfiguration$$EnhancerBySpringCGLIB$$c70f1c38] is not eligible for getting processed by all BeanPostProcessors (for example: not eligible for auto-proxying)
[2018-04-16 16:47:07.985] [ INFO] [main] MybatisConfigurer --------------------  sqlSessionFactory init ---------------------
[2018-04-16 16:47:08.816] [ INFO] [main] RequestMappingHandlerMapping Mapped "{[/student],methods=[POST]}" onto public com.company.project.core.common.Result<com.company.project.domain.model.Student> com.company.project.web.StudentController.add(com.company.project.domain.model.Student)
[2018-04-16 16:47:08.817] [ INFO] [main] RequestMappingHandlerMapping Mapped "{[/student],methods=[PUT]}" onto public com.company.project.core.common.Result<com.company.project.domain.model.Student> com.company.project.web.StudentController.update(com.company.project.domain.model.Student)
[2018-04-16 16:47:08.817] [ INFO] [main] RequestMappingHandlerMapping Mapped "{[/student/{id}],methods=[DELETE]}" onto public com.company.project.core.common.Result<java.lang.String> com.company.project.web.StudentController.delete(java.lang.String)
[2018-04-16 16:47:08.817] [ INFO] [main] RequestMappingHandlerMapping Mapped "{[/student],methods=[GET]}" onto public com.company.project.core.common.Result<com.github.pagehelper.PageInfo<com.company.project.domain.model.Student>> com.company.project.web.StudentController.list(java.lang.Integer,java.lang.Integer)
[2018-04-16 16:47:08.817] [ INFO] [main] RequestMappingHandlerMapping Mapped "{[/student/{id}],methods=[GET]}" onto public com.company.project.core.common.Result<com.company.project.domain.model.Student> com.company.project.web.StudentController.detail(java.lang.String)
[2018-04-16 16:47:08.820] [ INFO] [main] RequestMappingHandlerMapping Mapped "{[/swagger-resources/configuration/ui]}" onto public org.springframework.http.ResponseEntity<springfox.documentation.swagger.web.UiConfiguration> springfox.documentation.swagger.web.ApiResourceController.uiConfiguration()
[2018-04-16 16:47:08.820] [ INFO] [main] RequestMappingHandlerMapping Mapped "{[/swagger-resources]}" onto public org.springframework.http.ResponseEntity<java.util.List<springfox.documentation.swagger.web.SwaggerResource>> springfox.documentation.swagger.web.ApiResourceController.swaggerResources()
[2018-04-16 16:47:08.821] [ INFO] [main] RequestMappingHandlerMapping Mapped "{[/swagger-resources/configuration/security]}" onto public org.springframework.http.ResponseEntity<springfox.documentation.swagger.web.SecurityConfiguration> springfox.documentation.swagger.web.ApiResourceController.securityConfiguration()
[2018-04-16 16:47:08.825] [ INFO] [main] RequestMappingHandlerMapping Mapped "{[/error]}" onto public org.springframework.http.ResponseEntity<java.util.Map<java.lang.String, java.lang.Object>> org.springframework.boot.autoconfigure.web.BasicErrorController.error(javax.servlet.http.HttpServletRequest)
[2018-04-16 16:47:08.825] [ INFO] [main] RequestMappingHandlerMapping Mapped "{[/error],produces=[text/html]}" onto public org.springframework.web.servlet.ModelAndView org.springframework.boot.autoconfigure.web.BasicErrorController.errorHtml(javax.servlet.http.HttpServletRequest,javax.servlet.http.HttpServletResponse)
[2018-04-16 16:47:08.983] [ INFO] [main] PropertySourcedRequestMappingHandlerMapping Mapped URL path [/v2/api-docs] onto method [public org.springframework.http.ResponseEntity<springfox.documentation.spring.web.json.Json> springfox.documentation.swagger2.web.Swagger2Controller.getDocumentation(java.lang.String,javax.servlet.http.HttpServletRequest)]
[2018-04-16 16:47:08.989] [ INFO] [main] Swagger2 swagger组件开启状态：true
[2018-04-16 16:47:09.529] [ INFO] [main] RequestMappingHandlerAdapter Looking for @ControllerAdvice: org.springframework.web.context.support.GenericWebApplicationContext@53ce1329: startup date [Mon Apr 16 16:47:05 CST 2018]; root of context hierarchy
[2018-04-16 16:47:09.608] [ INFO] [main] SimpleUrlHandlerMapping Mapped URL path [/webjars/**] onto handler of type [class org.springframework.web.servlet.resource.ResourceHttpRequestHandler]
[2018-04-16 16:47:09.608] [ INFO] [main] SimpleUrlHandlerMapping Mapped URL path [/**] onto handler of type [class org.springframework.web.servlet.resource.ResourceHttpRequestHandler]
[2018-04-16 16:47:09.646] [ INFO] [main] SimpleUrlHandlerMapping Mapped URL path [/**/favicon.ico] onto handler of type [class org.springframework.web.servlet.resource.ResourceHttpRequestHandler]
[2018-04-16 16:47:09.926] [ INFO] [main] DefaultLifecycleProcessor Starting beans in phase 2147483647
[2018-04-16 16:47:09.927] [ INFO] [main] DocumentationPluginsBootstrapper Context refreshed
[2018-04-16 16:47:09.948] [ INFO] [main] DocumentationPluginsBootstrapper Found 1 custom documentation plugin(s)
[2018-04-16 16:47:09.979] [ INFO] [main] ApiListingReferenceScanner Scanning for api listing references
[2018-04-16 16:47:10.119] [ INFO] [main] RedissonTest Started RedissonTest in 5.437 seconds (JVM running for 6.046)
[2018-04-16 16:47:10.142] [ERROR] [main] TestContextManager Caught exception while allowing TestExecutionListener [org.springframework.boot.test.autoconfigure.SpringBootDependencyInjectionTestExecutionListener@12c8a2c0] to prepare test instance [com.company.project.RedissonTest@b2da3a5]
org.springframework.beans.factory.UnsatisfiedDependencyException: Error creating bean with name 'com.company.project.RedissonTest': Unsatisfied dependency expressed through field 'client'; nested exception is org.springframework.beans.factory.NoSuchBeanDefinitionException: No qualifying bean of type 'org.redisson.api.RedissonClient' available: expected at least 1 bean which qualifies as autowire candidate. Dependency annotations: {@org.springframework.beans.factory.annotation.Autowired(required=true)}
	at org.springframework.beans.factory.annotation.AutowiredAnnotationBeanPostProcessor$AutowiredFieldElement.inject(AutowiredAnnotationBeanPostProcessor.java:588)
	at org.springframework.beans.factory.annotation.InjectionMetadata.inject(InjectionMetadata.java:88)
	at org.springframework.beans.factory.annotation.AutowiredAnnotationBeanPostProcessor.postProcessPropertyValues(AutowiredAnnotationBeanPostProcessor.java:366)
	at org.springframework.beans.factory.support.AbstractAutowireCapableBeanFactory.populateBean(AbstractAutowireCapableBeanFactory.java:1264)
	at org.springframework.beans.factory.support.AbstractAutowireCapableBeanFactory.autowireBeanProperties(AbstractAutowireCapableBeanFactory.java:386)
	at org.springframework.test.context.support.DependencyInjectionTestExecutionListener.injectDependencies(DependencyInjectionTestExecutionListener.java:118)
	at org.springframework.test.context.support.DependencyInjectionTestExecutionListener.prepareTestInstance(DependencyInjectionTestExecutionListener.java:83)
	at org.springframework.boot.test.autoconfigure.SpringBootDependencyInjectionTestExecutionListener.prepareTestInstance(SpringBootDependencyInjectionTestExecutionListener.java:44)
	at org.springframework.test.context.TestContextManager.prepareTestInstance(TestContextManager.java:230)
	at org.springframework.test.context.junit4.SpringJUnit4ClassRunner.createTest(SpringJUnit4ClassRunner.java:228)
	at org.springframework.test.context.junit4.SpringJUnit4ClassRunner$1.runReflectiveCall(SpringJUnit4ClassRunner.java:287)
	at org.junit.internal.runners.model.ReflectiveCallable.run(ReflectiveCallable.java:12)
	at org.springframework.test.context.junit4.SpringJUnit4ClassRunner.methodBlock(SpringJUnit4ClassRunner.java:289)
	at org.springframework.test.context.junit4.SpringJUnit4ClassRunner.runChild(SpringJUnit4ClassRunner.java:247)
	at org.springframework.test.context.junit4.SpringJUnit4ClassRunner.runChild(SpringJUnit4ClassRunner.java:94)
	at org.junit.runners.ParentRunner$3.run(ParentRunner.java:290)
	at org.junit.runners.ParentRunner$1.schedule(ParentRunner.java:71)
	at org.junit.runners.ParentRunner.runChildren(ParentRunner.java:288)
	at org.junit.runners.ParentRunner.access$000(ParentRunner.java:58)
	at org.junit.runners.ParentRunner$2.evaluate(ParentRunner.java:268)
	at org.springframework.test.context.junit4.statements.RunBeforeTestClassCallbacks.evaluate(RunBeforeTestClassCallbacks.java:61)
	at org.springframework.test.context.junit4.statements.RunAfterTestClassCallbacks.evaluate(RunAfterTestClassCallbacks.java:70)
	at org.junit.runners.ParentRunner.run(ParentRunner.java:363)
	at org.springframework.test.context.junit4.SpringJUnit4ClassRunner.run(SpringJUnit4ClassRunner.java:191)
	at org.eclipse.jdt.internal.junit4.runner.JUnit4TestReference.run(JUnit4TestReference.java:86)
	at org.eclipse.jdt.internal.junit.runner.TestExecution.run(TestExecution.java:38)
	at org.eclipse.jdt.internal.junit.runner.RemoteTestRunner.runTests(RemoteTestRunner.java:538)
	at org.eclipse.jdt.internal.junit.runner.RemoteTestRunner.runTests(RemoteTestRunner.java:760)
	at org.eclipse.jdt.internal.junit.runner.RemoteTestRunner.run(RemoteTestRunner.java:460)
	at org.eclipse.jdt.internal.junit.runner.RemoteTestRunner.main(RemoteTestRunner.java:206)
Caused by: org.springframework.beans.factory.NoSuchBeanDefinitionException: No qualifying bean of type 'org.redisson.api.RedissonClient' available: expected at least 1 bean which qualifies as autowire candidate. Dependency annotations: {@org.springframework.beans.factory.annotation.Autowired(required=true)}
	at org.springframework.beans.factory.support.DefaultListableBeanFactory.raiseNoMatchingBeanFound(DefaultListableBeanFactory.java:1493)
	at org.springframework.beans.factory.support.DefaultListableBeanFactory.doResolveDependency(DefaultListableBeanFactory.java:1104)
	at org.springframework.beans.factory.support.DefaultListableBeanFactory.resolveDependency(DefaultListableBeanFactory.java:1066)
	at org.springframework.beans.factory.annotation.AutowiredAnnotationBeanPostProcessor$AutowiredFieldElement.inject(AutowiredAnnotationBeanPostProcessor.java:585)
	... 29 common frames omitted
[2018-04-16 16:47:10.154] [ INFO] [Thread-3] GenericWebApplicationContext Closing org.springframework.web.context.support.GenericWebApplicationContext@53ce1329: startup date [Mon Apr 16 16:47:05 CST 2018]; root of context hierarchy
[2018-04-16 16:47:10.155] [ INFO] [Thread-3] DefaultLifecycleProcessor Stopping beans in phase 2147483647
[2018-04-16 16:48:20.330] [ INFO] [main] RedissonTest Starting RedissonTest on tank.local with PID 1645 (started by duanzhiwei in /Users/duanzhiwei/work/self/spring-boot-api-project-seed-master)
[2018-04-16 16:48:20.331] [ INFO] [main] RedissonTest The following profiles are active: prod
[2018-04-16 16:48:20.360] [ INFO] [main] GenericWebApplicationContext Refreshing org.springframework.web.context.support.GenericWebApplicationContext@53ce1329: startup date [Mon Apr 16 16:48:20 CST 2018]; root of context hierarchy
[2018-04-16 16:48:20.774] [ INFO] [background-preinit] Version HV000001: Hibernate Validator 5.3.6.Final
[2018-04-16 16:48:21.497] [ WARN] [main] ClassPathMapperScanner No MyBatis mapper was found in '[com.company.project]' package. Please check your configuration.
[2018-04-16 16:48:21.609] [ WARN] [main] ConfigurationClassPostProcessor Cannot enhance @Configuration bean definition 'mybatisConfigurer' since its singleton instance has been created too early. The typical cause is a non-static @Bean method with a BeanDefinitionRegistryPostProcessor return type: Consider declaring such methods as 'static'.
[2018-04-16 16:48:22.015] [ INFO] [main] PostProcessorRegistrationDelegate$BeanPostProcessorChecker Bean 'org.springframework.transaction.annotation.ProxyTransactionManagementConfiguration' of type [org.springframework.transaction.annotation.ProxyTransactionManagementConfiguration$$EnhancerBySpringCGLIB$$5956af82] is not eligible for getting processed by all BeanPostProcessors (for example: not eligible for auto-proxying)
[2018-04-16 16:48:23.529] [ INFO] [main] MybatisConfigurer --------------------  sqlSessionFactory init ---------------------
[2018-04-16 16:48:24.341] [ INFO] [main] RequestMappingHandlerMapping Mapped "{[/student],methods=[POST]}" onto public com.company.project.core.common.Result<com.company.project.domain.model.Student> com.company.project.web.StudentController.add(com.company.project.domain.model.Student)
[2018-04-16 16:48:24.342] [ INFO] [main] RequestMappingHandlerMapping Mapped "{[/student],methods=[PUT]}" onto public com.company.project.core.common.Result<com.company.project.domain.model.Student> com.company.project.web.StudentController.update(com.company.project.domain.model.Student)
[2018-04-16 16:48:24.342] [ INFO] [main] RequestMappingHandlerMapping Mapped "{[/student/{id}],methods=[DELETE]}" onto public com.company.project.core.common.Result<java.lang.String> com.company.project.web.StudentController.delete(java.lang.String)
[2018-04-16 16:48:24.342] [ INFO] [main] RequestMappingHandlerMapping Mapped "{[/student],methods=[GET]}" onto public com.company.project.core.common.Result<com.github.pagehelper.PageInfo<com.company.project.domain.model.Student>> com.company.project.web.StudentController.list(java.lang.Integer,java.lang.Integer)
[2018-04-16 16:48:24.342] [ INFO] [main] RequestMappingHandlerMapping Mapped "{[/student/{id}],methods=[GET]}" onto public com.company.project.core.common.Result<com.company.project.domain.model.Student> com.company.project.web.StudentController.detail(java.lang.String)
[2018-04-16 16:48:24.345] [ INFO] [main] RequestMappingHandlerMapping Mapped "{[/swagger-resources]}" onto public org.springframework.http.ResponseEntity<java.util.List<springfox.documentation.swagger.web.SwaggerResource>> springfox.documentation.swagger.web.ApiResourceController.swaggerResources()
[2018-04-16 16:48:24.345] [ INFO] [main] RequestMappingHandlerMapping Mapped "{[/swagger-resources/configuration/security]}" onto public org.springframework.http.ResponseEntity<springfox.documentation.swagger.web.SecurityConfiguration> springfox.documentation.swagger.web.ApiResourceController.securityConfiguration()
[2018-04-16 16:48:24.346] [ INFO] [main] RequestMappingHandlerMapping Mapped "{[/swagger-resources/configuration/ui]}" onto public org.springframework.http.ResponseEntity<springfox.documentation.swagger.web.UiConfiguration> springfox.documentation.swagger.web.ApiResourceController.uiConfiguration()
[2018-04-16 16:48:24.349] [ INFO] [main] RequestMappingHandlerMapping Mapped "{[/error]}" onto public org.springframework.http.ResponseEntity<java.util.Map<java.lang.String, java.lang.Object>> org.springframework.boot.autoconfigure.web.BasicErrorController.error(javax.servlet.http.HttpServletRequest)
[2018-04-16 16:48:24.349] [ INFO] [main] RequestMappingHandlerMapping Mapped "{[/error],produces=[text/html]}" onto public org.springframework.web.servlet.ModelAndView org.springframework.boot.autoconfigure.web.BasicErrorController.errorHtml(javax.servlet.http.HttpServletRequest,javax.servlet.http.HttpServletResponse)
[2018-04-16 16:48:24.504] [ INFO] [main] PropertySourcedRequestMappingHandlerMapping Mapped URL path [/v2/api-docs] onto method [public org.springframework.http.ResponseEntity<springfox.documentation.spring.web.json.Json> springfox.documentation.swagger2.web.Swagger2Controller.getDocumentation(java.lang.String,javax.servlet.http.HttpServletRequest)]
[2018-04-16 16:48:24.509] [ INFO] [main] Swagger2 swagger组件开启状态：true
[2018-04-16 16:48:25.102] [ INFO] [main] RequestMappingHandlerAdapter Looking for @ControllerAdvice: org.springframework.web.context.support.GenericWebApplicationContext@53ce1329: startup date [Mon Apr 16 16:48:20 CST 2018]; root of context hierarchy
[2018-04-16 16:48:25.163] [ INFO] [main] SimpleUrlHandlerMapping Mapped URL path [/webjars/**] onto handler of type [class org.springframework.web.servlet.resource.ResourceHttpRequestHandler]
[2018-04-16 16:48:25.164] [ INFO] [main] SimpleUrlHandlerMapping Mapped URL path [/**] onto handler of type [class org.springframework.web.servlet.resource.ResourceHttpRequestHandler]
[2018-04-16 16:48:25.203] [ INFO] [main] SimpleUrlHandlerMapping Mapped URL path [/**/favicon.ico] onto handler of type [class org.springframework.web.servlet.resource.ResourceHttpRequestHandler]
[2018-04-16 16:48:25.489] [ INFO] [main] DefaultLifecycleProcessor Starting beans in phase 2147483647
[2018-04-16 16:48:25.489] [ INFO] [main] DocumentationPluginsBootstrapper Context refreshed
[2018-04-16 16:48:25.510] [ INFO] [main] DocumentationPluginsBootstrapper Found 1 custom documentation plugin(s)
[2018-04-16 16:48:25.538] [ INFO] [main] ApiListingReferenceScanner Scanning for api listing references
[2018-04-16 16:48:25.678] [ INFO] [main] RedissonTest Started RedissonTest in 5.743 seconds (JVM running for 6.513)
[2018-04-16 16:48:25.706] [ERROR] [main] TestContextManager Caught exception while allowing TestExecutionListener [org.springframework.boot.test.autoconfigure.SpringBootDependencyInjectionTestExecutionListener@12c8a2c0] to prepare test instance [com.company.project.RedissonTest@3f64d943]
org.springframework.beans.factory.UnsatisfiedDependencyException: Error creating bean with name 'com.company.project.RedissonTest': Unsatisfied dependency expressed through field 'client'; nested exception is org.springframework.beans.factory.NoSuchBeanDefinitionException: No qualifying bean of type 'org.redisson.api.RedissonClient' available: expected at least 1 bean which qualifies as autowire candidate. Dependency annotations: {@org.springframework.beans.factory.annotation.Autowired(required=true)}
	at org.springframework.beans.factory.annotation.AutowiredAnnotationBeanPostProcessor$AutowiredFieldElement.inject(AutowiredAnnotationBeanPostProcessor.java:588)
	at org.springframework.beans.factory.annotation.InjectionMetadata.inject(InjectionMetadata.java:88)
	at org.springframework.beans.factory.annotation.AutowiredAnnotationBeanPostProcessor.postProcessPropertyValues(AutowiredAnnotationBeanPostProcessor.java:366)
	at org.springframework.beans.factory.support.AbstractAutowireCapableBeanFactory.populateBean(AbstractAutowireCapableBeanFactory.java:1264)
	at org.springframework.beans.factory.support.AbstractAutowireCapableBeanFactory.autowireBeanProperties(AbstractAutowireCapableBeanFactory.java:386)
	at org.springframework.test.context.support.DependencyInjectionTestExecutionListener.injectDependencies(DependencyInjectionTestExecutionListener.java:118)
	at org.springframework.test.context.support.DependencyInjectionTestExecutionListener.prepareTestInstance(DependencyInjectionTestExecutionListener.java:83)
	at org.springframework.boot.test.autoconfigure.SpringBootDependencyInjectionTestExecutionListener.prepareTestInstance(SpringBootDependencyInjectionTestExecutionListener.java:44)
	at org.springframework.test.context.TestContextManager.prepareTestInstance(TestContextManager.java:230)
	at org.springframework.test.context.junit4.SpringJUnit4ClassRunner.createTest(SpringJUnit4ClassRunner.java:228)
	at org.springframework.test.context.junit4.SpringJUnit4ClassRunner$1.runReflectiveCall(SpringJUnit4ClassRunner.java:287)
	at org.junit.internal.runners.model.ReflectiveCallable.run(ReflectiveCallable.java:12)
	at org.springframework.test.context.junit4.SpringJUnit4ClassRunner.methodBlock(SpringJUnit4ClassRunner.java:289)
	at org.springframework.test.context.junit4.SpringJUnit4ClassRunner.runChild(SpringJUnit4ClassRunner.java:247)
	at org.springframework.test.context.junit4.SpringJUnit4ClassRunner.runChild(SpringJUnit4ClassRunner.java:94)
	at org.junit.runners.ParentRunner$3.run(ParentRunner.java:290)
	at org.junit.runners.ParentRunner$1.schedule(ParentRunner.java:71)
	at org.junit.runners.ParentRunner.runChildren(ParentRunner.java:288)
	at org.junit.runners.ParentRunner.access$000(ParentRunner.java:58)
	at org.junit.runners.ParentRunner$2.evaluate(ParentRunner.java:268)
	at org.springframework.test.context.junit4.statements.RunBeforeTestClassCallbacks.evaluate(RunBeforeTestClassCallbacks.java:61)
	at org.springframework.test.context.junit4.statements.RunAfterTestClassCallbacks.evaluate(RunAfterTestClassCallbacks.java:70)
	at org.junit.runners.ParentRunner.run(ParentRunner.java:363)
	at org.springframework.test.context.junit4.SpringJUnit4ClassRunner.run(SpringJUnit4ClassRunner.java:191)
	at org.eclipse.jdt.internal.junit4.runner.JUnit4TestReference.run(JUnit4TestReference.java:86)
	at org.eclipse.jdt.internal.junit.runner.TestExecution.run(TestExecution.java:38)
	at org.eclipse.jdt.internal.junit.runner.RemoteTestRunner.runTests(RemoteTestRunner.java:538)
	at org.eclipse.jdt.internal.junit.runner.RemoteTestRunner.runTests(RemoteTestRunner.java:760)
	at org.eclipse.jdt.internal.junit.runner.RemoteTestRunner.run(RemoteTestRunner.java:460)
	at org.eclipse.jdt.internal.junit.runner.RemoteTestRunner.main(RemoteTestRunner.java:206)
Caused by: org.springframework.beans.factory.NoSuchBeanDefinitionException: No qualifying bean of type 'org.redisson.api.RedissonClient' available: expected at least 1 bean which qualifies as autowire candidate. Dependency annotations: {@org.springframework.beans.factory.annotation.Autowired(required=true)}
	at org.springframework.beans.factory.support.DefaultListableBeanFactory.raiseNoMatchingBeanFound(DefaultListableBeanFactory.java:1493)
	at org.springframework.beans.factory.support.DefaultListableBeanFactory.doResolveDependency(DefaultListableBeanFactory.java:1104)
	at org.springframework.beans.factory.support.DefaultListableBeanFactory.resolveDependency(DefaultListableBeanFactory.java:1066)
	at org.springframework.beans.factory.annotation.AutowiredAnnotationBeanPostProcessor$AutowiredFieldElement.inject(AutowiredAnnotationBeanPostProcessor.java:585)
	... 29 common frames omitted
[2018-04-16 16:48:25.719] [ INFO] [Thread-3] GenericWebApplicationContext Closing org.springframework.web.context.support.GenericWebApplicationContext@53ce1329: startup date [Mon Apr 16 16:48:20 CST 2018]; root of context hierarchy
