[2018-04-04 14:59:02.846] [ INFO] [restartedMain] Application Starting Application on tank with PID 1016 (/Users/duanzhiwei/work/self/spring-boot-api-project-seed-master/target/classes started by duanzhiwei in /Users/duanzhiwei/work/self/spring-boot-api-project-seed-master)
[2018-04-04 14:59:02.848] [ INFO] [restartedMain] Application The following profiles are active: prod
[2018-04-04 14:59:02.888] [ INFO] [restartedMain] AnnotationConfigEmbeddedWebApplicationContext Refreshing org.springframework.boot.context.embedded.AnnotationConfigEmbeddedWebApplicationContext@19da453a: startup date [Wed Apr 04 14:59:02 CST 2018]; root of context hierarchy
[2018-04-04 14:59:02.959] [ INFO] [background-preinit] Version HV000001: Hibernate Validator 5.3.6.Final
[2018-04-04 14:59:03.660] [ WARN] [restartedMain] ClassPathMapperScanner No MyBatis mapper was found in '[com.company.project]' package. Please check your configuration.
[2018-04-04 14:59:03.727] [ WARN] [restartedMain] ConfigurationClassPostProcessor Cannot enhance @Configuration bean definition 'mybatisConfigurer' since its singleton instance has been created too early. The typical cause is a non-static @Bean method with a BeanDefinitionRegistryPostProcessor return type: Consider declaring such methods as 'static'.
[2018-04-04 14:59:03.964] [ INFO] [restartedMain] PostProcessorRegistrationDelegate$BeanPostProcessorChecker Bean 'org.springframework.transaction.annotation.ProxyTransactionManagementConfiguration' of type [org.springframework.transaction.annotation.ProxyTransactionManagementConfiguration$$EnhancerBySpringCGLIB$$c64f127a] is not eligible for getting processed by all BeanPostProcessors (for example: not eligible for auto-proxying)
[2018-04-04 14:59:04.473] [ INFO] [restartedMain] TomcatEmbeddedServletContainer Tomcat initialized with port(s): 8080 (http)
[2018-04-04 14:59:04.485] [ INFO] [restartedMain] StandardService Starting service [Tomcat]
[2018-04-04 14:59:04.486] [ INFO] [restartedMain] StandardEngine Starting Servlet Engine: Apache Tomcat/8.5.23
[2018-04-04 14:59:04.568] [ INFO] [localhost-startStop-1] [/test] Initializing Spring embedded WebApplicationContext
[2018-04-04 14:59:04.568] [ INFO] [localhost-startStop-1] ContextLoader Root WebApplicationContext: initialization completed in 1680 ms
[2018-04-04 14:59:04.769] [ INFO] [localhost-startStop-1] ServletRegistrationBean Mapping servlet: 'dispatcherServlet' to [/]
[2018-04-04 14:59:04.772] [ INFO] [localhost-startStop-1] ServletRegistrationBean Mapping servlet: 'statViewServlet' to [/druid/*]
[2018-04-04 14:59:04.775] [ INFO] [localhost-startStop-1] FilterRegistrationBean Mapping filter: 'characterEncodingFilter' to: [/*]
[2018-04-04 14:59:04.775] [ INFO] [localhost-startStop-1] FilterRegistrationBean Mapping filter: 'hiddenHttpMethodFilter' to: [/*]
[2018-04-04 14:59:04.775] [ INFO] [localhost-startStop-1] FilterRegistrationBean Mapping filter: 'httpPutFormContentFilter' to: [/*]
[2018-04-04 14:59:04.775] [ INFO] [localhost-startStop-1] FilterRegistrationBean Mapping filter: 'requestContextFilter' to: [/*]
[2018-04-04 14:59:04.775] [ INFO] [localhost-startStop-1] FilterRegistrationBean Mapping filter: 'webStatFilter' to urls: [/*]
[2018-04-04 14:59:05.989] [ INFO] [restartedMain] MybatisConfigurer --------------------  sqlSessionFactory init ---------------------
[2018-04-04 14:59:06.711] [ INFO] [restartedMain] RequestMappingHandlerMapping Mapped "{[/student],methods=[POST]}" onto public com.company.project.core.common.Result<com.company.project.domain.model.Student> com.company.project.web.StudentController.add(com.company.project.domain.model.Student)
[2018-04-04 14:59:06.712] [ INFO] [restartedMain] RequestMappingHandlerMapping Mapped "{[/student],methods=[PUT]}" onto public com.company.project.core.common.Result<com.company.project.domain.model.Student> com.company.project.web.StudentController.update(com.company.project.domain.model.Student)
[2018-04-04 14:59:06.712] [ INFO] [restartedMain] RequestMappingHandlerMapping Mapped "{[/student/{id}],methods=[DELETE]}" onto public com.company.project.core.common.Result<java.lang.String> com.company.project.web.StudentController.delete(java.lang.String)
[2018-04-04 14:59:06.713] [ INFO] [restartedMain] RequestMappingHandlerMapping Mapped "{[/student],methods=[GET]}" onto public com.company.project.core.common.Result<com.github.pagehelper.PageInfo<com.company.project.domain.model.Student>> com.company.project.web.StudentController.list(java.lang.Integer,java.lang.Integer)
[2018-04-04 14:59:06.713] [ INFO] [restartedMain] RequestMappingHandlerMapping Mapped "{[/student/{id}],methods=[GET]}" onto public com.company.project.core.common.Result<com.company.project.domain.model.Student> com.company.project.web.StudentController.detail(java.lang.String)
[2018-04-04 14:59:06.716] [ INFO] [restartedMain] RequestMappingHandlerMapping Mapped "{[/swagger-resources/configuration/ui]}" onto public org.springframework.http.ResponseEntity<springfox.documentation.swagger.web.UiConfiguration> springfox.documentation.swagger.web.ApiResourceController.uiConfiguration()
[2018-04-04 14:59:06.717] [ INFO] [restartedMain] RequestMappingHandlerMapping Mapped "{[/swagger-resources/configuration/security]}" onto public org.springframework.http.ResponseEntity<springfox.documentation.swagger.web.SecurityConfiguration> springfox.documentation.swagger.web.ApiResourceController.securityConfiguration()
[2018-04-04 14:59:06.717] [ INFO] [restartedMain] RequestMappingHandlerMapping Mapped "{[/swagger-resources]}" onto public org.springframework.http.ResponseEntity<java.util.List<springfox.documentation.swagger.web.SwaggerResource>> springfox.documentation.swagger.web.ApiResourceController.swaggerResources()
[2018-04-04 14:59:06.719] [ INFO] [restartedMain] RequestMappingHandlerMapping Mapped "{[/error]}" onto public org.springframework.http.ResponseEntity<java.util.Map<java.lang.String, java.lang.Object>> org.springframework.boot.autoconfigure.web.BasicErrorController.error(javax.servlet.http.HttpServletRequest)
[2018-04-04 14:59:06.719] [ INFO] [restartedMain] RequestMappingHandlerMapping Mapped "{[/error],produces=[text/html]}" onto public org.springframework.web.servlet.ModelAndView org.springframework.boot.autoconfigure.web.BasicErrorController.errorHtml(javax.servlet.http.HttpServletRequest,javax.servlet.http.HttpServletResponse)
[2018-04-04 14:59:06.850] [ INFO] [restartedMain] PropertySourcedRequestMappingHandlerMapping Mapped URL path [/v2/api-docs] onto method [public org.springframework.http.ResponseEntity<springfox.documentation.spring.web.json.Json> springfox.documentation.swagger2.web.Swagger2Controller.getDocumentation(java.lang.String,javax.servlet.http.HttpServletRequest)]
[2018-04-04 14:59:06.856] [ INFO] [restartedMain] Swagger2 swagger组件开启状态：true
[2018-04-04 14:59:07.082] [ INFO] [restartedMain] RequestMappingHandlerAdapter Looking for @ControllerAdvice: org.springframework.boot.context.embedded.AnnotationConfigEmbeddedWebApplicationContext@19da453a: startup date [Wed Apr 04 14:59:02 CST 2018]; root of context hierarchy
[2018-04-04 14:59:07.133] [ INFO] [restartedMain] SimpleUrlHandlerMapping Mapped URL path [/webjars/**] onto handler of type [class org.springframework.web.servlet.resource.ResourceHttpRequestHandler]
[2018-04-04 14:59:07.133] [ INFO] [restartedMain] SimpleUrlHandlerMapping Mapped URL path [/**] onto handler of type [class org.springframework.web.servlet.resource.ResourceHttpRequestHandler]
[2018-04-04 14:59:07.169] [ INFO] [restartedMain] SimpleUrlHandlerMapping Mapped URL path [/**/favicon.ico] onto handler of type [class org.springframework.web.servlet.resource.ResourceHttpRequestHandler]
[2018-04-04 14:59:07.411] [ INFO] [restartedMain] OptionalLiveReloadServer LiveReload server is running on port 35729
[2018-04-04 14:59:07.472] [ INFO] [restartedMain] AnnotationMBeanExporter Registering beans for JMX exposure on startup
[2018-04-04 14:59:07.475] [ INFO] [restartedMain] AnnotationMBeanExporter Bean with name 'dataSourceWrite' has been autodetected for JMX exposure
[2018-04-04 14:59:07.476] [ INFO] [restartedMain] AnnotationMBeanExporter Bean with name 'dataSourceRead' has been autodetected for JMX exposure
[2018-04-04 14:59:07.477] [ INFO] [restartedMain] AnnotationMBeanExporter Bean with name 'statFilter' has been autodetected for JMX exposure
[2018-04-04 14:59:07.483] [ INFO] [restartedMain] AnnotationMBeanExporter Located MBean 'dataSourceWrite': registering with JMX server as MBean [test:name=dataSourceWrite,type=DruidDataSourceWrapper]
[2018-04-04 14:59:07.485] [ INFO] [restartedMain] AnnotationMBeanExporter Located MBean 'dataSourceRead': registering with JMX server as MBean [test:name=dataSourceRead,type=DruidDataSourceWrapper]
[2018-04-04 14:59:07.486] [ INFO] [restartedMain] AnnotationMBeanExporter Located MBean 'statFilter': registering with JMX server as MBean [test:name=statFilter,type=StatFilter]
[2018-04-04 14:59:07.489] [ INFO] [restartedMain] DefaultLifecycleProcessor Starting beans in phase 2147483647
[2018-04-04 14:59:07.489] [ INFO] [restartedMain] DocumentationPluginsBootstrapper Context refreshed
[2018-04-04 14:59:07.511] [ INFO] [restartedMain] DocumentationPluginsBootstrapper Found 1 custom documentation plugin(s)
[2018-04-04 14:59:07.540] [ INFO] [restartedMain] ApiListingReferenceScanner Scanning for api listing references
[2018-04-04 14:59:07.683] [ INFO] [restartedMain] Http11NioProtocol Initializing ProtocolHandler ["http-nio-8080"]
[2018-04-04 14:59:07.690] [ INFO] [restartedMain] Http11NioProtocol Starting ProtocolHandler ["http-nio-8080"]
[2018-04-04 14:59:07.708] [ INFO] [restartedMain] NioSelectorPool Using a shared selector for servlet write/read
[2018-04-04 14:59:07.724] [ INFO] [restartedMain] TomcatEmbeddedServletContainer Tomcat started on port(s): 8080 (http)
[2018-04-04 14:59:07.729] [ INFO] [restartedMain] Application Started Application in 5.207 seconds (JVM running for 5.795)
[2018-04-04 14:59:16.123] [ INFO] [http-nio-8080-exec-5] [/test] Initializing Spring FrameworkServlet 'dispatcherServlet'
[2018-04-04 14:59:16.124] [ INFO] [http-nio-8080-exec-5] DispatcherServlet FrameworkServlet 'dispatcherServlet': initialization started
[2018-04-04 14:59:16.149] [ INFO] [http-nio-8080-exec-5] DispatcherServlet FrameworkServlet 'dispatcherServlet': initialization completed in 25 ms
[2018-04-04 15:00:32.320] [ INFO] [RMI TCP Connection(2)-127.0.0.1] SpringApplicationAdminMXBeanRegistrar$SpringApplicationAdmin Application shutdown requested.
[2018-04-04 15:00:32.320] [ INFO] [RMI TCP Connection(2)-127.0.0.1] AnnotationConfigEmbeddedWebApplicationContext Closing org.springframework.boot.context.embedded.AnnotationConfigEmbeddedWebApplicationContext@19da453a: startup date [Wed Apr 04 14:59:02 CST 2018]; root of context hierarchy
[2018-04-04 15:00:32.322] [ INFO] [RMI TCP Connection(2)-127.0.0.1] DefaultLifecycleProcessor Stopping beans in phase 2147483647
[2018-04-04 15:00:32.323] [ INFO] [RMI TCP Connection(2)-127.0.0.1] AnnotationMBeanExporter Unregistering JMX-exposed beans on shutdown
[2018-04-04 15:00:32.323] [ INFO] [RMI TCP Connection(2)-127.0.0.1] AnnotationMBeanExporter Unregistering JMX-exposed beans
