[2018-04-16 16:48:25.725] [ INFO] [Thread-3] DefaultLifecycleProcessor Stopping beans in phase 2147483647
[2018-04-16 16:49:30.884] [ INFO] [main] RedissonTest Starting RedissonTest on tank.local with PID 1647 (started by duanzhiwei in /Users/duanzhiwei/work/self/spring-boot-api-project-seed-master)
[2018-04-16 16:49:30.885] [ INFO] [main] RedissonTest The following profiles are active: prod
[2018-04-16 16:49:30.921] [ INFO] [main] GenericWebApplicationContext Refreshing org.springframework.web.context.support.GenericWebApplicationContext@53ce1329: startup date [Mon Apr 16 16:49:30 CST 2018]; root of context hierarchy
[2018-04-16 16:49:31.247] [ INFO] [background-preinit] Version HV000001: Hibernate Validator 5.3.6.Final
[2018-04-16 16:49:31.801] [ WARN] [main] ClassPathMapperScanner No MyBatis mapper was found in '[com.company.project]' package. Please check your configuration.
[2018-04-16 16:49:31.866] [ WARN] [main] ConfigurationClassPostProcessor Cannot enhance @Configuration bean definition 'mybatisConfigurer' since its singleton instance has been created too early. The typical cause is a non-static @Bean method with a BeanDefinitionRegistryPostProcessor return type: Consider declaring such methods as 'static'.
[2018-04-16 16:49:32.240] [ INFO] [main] PostProcessorRegistrationDelegate$BeanPostProcessorChecker Bean 'org.springframework.transaction.annotation.ProxyTransactionManagementConfiguration' of type [org.springframework.transaction.annotation.ProxyTransactionManagementConfiguration$$EnhancerBySpringCGLIB$$5956af82] is not eligible for getting processed by all BeanPostProcessors (for example: not eligible for auto-proxying)
[2018-04-16 16:49:34.107] [ INFO] [main] MybatisConfigurer --------------------  sqlSessionFactory init ---------------------
[2018-04-16 16:49:35.172] [ INFO] [main] RequestMappingHandlerMapping Mapped "{[/student],methods=[POST]}" onto public com.company.project.core.common.Result<com.company.project.domain.model.Student> com.company.project.web.StudentController.add(com.company.project.domain.model.Student)
[2018-04-16 16:49:35.173] [ INFO] [main] RequestMappingHandlerMapping Mapped "{[/student],methods=[PUT]}" onto public com.company.project.core.common.Result<com.company.project.domain.model.Student> com.company.project.web.StudentController.update(com.company.project.domain.model.Student)
[2018-04-16 16:49:35.173] [ INFO] [main] RequestMappingHandlerMapping Mapped "{[/student/{id}],methods=[DELETE]}" onto public com.company.project.core.common.Result<java.lang.String> com.company.project.web.StudentController.delete(java.lang.String)
[2018-04-16 16:49:35.174] [ INFO] [main] RequestMappingHandlerMapping Mapped "{[/student],methods=[GET]}" onto public com.company.project.core.common.Result<com.github.pagehelper.PageInfo<com.company.project.domain.model.Student>> com.company.project.web.StudentController.list(java.lang.Integer,java.lang.Integer)
[2018-04-16 16:49:35.174] [ INFO] [main] RequestMappingHandlerMapping Mapped "{[/student/{id}],methods=[GET]}" onto public com.company.project.core.common.Result<com.company.project.domain.model.Student> com.company.project.web.StudentController.detail(java.lang.String)
[2018-04-16 16:49:35.178] [ INFO] [main] RequestMappingHandlerMapping Mapped "{[/swagger-resources]}" onto public org.springframework.http.ResponseEntity<java.util.List<springfox.documentation.swagger.web.SwaggerResource>> springfox.documentation.swagger.web.ApiResourceController.swaggerResources()
[2018-04-16 16:49:35.179] [ INFO] [main] RequestMappingHandlerMapping Mapped "{[/swagger-resources/configuration/security]}" onto public org.springframework.http.ResponseEntity<springfox.documentation.swagger.web.SecurityConfiguration> springfox.documentation.swagger.web.ApiResourceController.securityConfiguration()
[2018-04-16 16:49:35.179] [ INFO] [main] RequestMappingHandlerMapping Mapped "{[/swagger-resources/configuration/ui]}" onto public org.springframework.http.ResponseEntity<springfox.documentation.swagger.web.UiConfiguration> springfox.documentation.swagger.web.ApiResourceController.uiConfiguration()
[2018-04-16 16:49:35.183] [ INFO] [main] RequestMappingHandlerMapping Mapped "{[/error]}" onto public org.springframework.http.ResponseEntity<java.util.Map<java.lang.String, java.lang.Object>> org.springframework.boot.autoconfigure.web.BasicErrorController.error(javax.servlet.http.HttpServletRequest)
[2018-04-16 16:49:35.183] [ INFO] [main] RequestMappingHandlerMapping Mapped "{[/error],produces=[text/html]}" onto public org.springframework.web.servlet.ModelAndView org.springframework.boot.autoconfigure.web.BasicErrorController.errorHtml(javax.servlet.http.HttpServletRequest,javax.servlet.http.HttpServletResponse)
[2018-04-16 16:49:35.379] [ INFO] [main] PropertySourcedRequestMappingHandlerMapping Mapped URL path [/v2/api-docs] onto method [public org.springframework.http.ResponseEntity<springfox.documentation.spring.web.json.Json> springfox.documentation.swagger2.web.Swagger2Controller.getDocumentation(java.lang.String,javax.servlet.http.HttpServletRequest)]
[2018-04-16 16:49:35.388] [ INFO] [main] Swagger2 swagger组件开启状态：true
[2018-04-16 16:49:35.881] [ INFO] [main] RequestMappingHandlerAdapter Looking for @ControllerAdvice: org.springframework.web.context.support.GenericWebApplicationContext@53ce1329: startup date [Mon Apr 16 16:49:30 CST 2018]; root of context hierarchy
[2018-04-16 16:49:35.947] [ INFO] [main] SimpleUrlHandlerMapping Mapped URL path [/webjars/**] onto handler of type [class org.springframework.web.servlet.resource.ResourceHttpRequestHandler]
[2018-04-16 16:49:35.947] [ INFO] [main] SimpleUrlHandlerMapping Mapped URL path [/**] onto handler of type [class org.springframework.web.servlet.resource.ResourceHttpRequestHandler]
[2018-04-16 16:49:35.994] [ INFO] [main] SimpleUrlHandlerMapping Mapped URL path [/**/favicon.ico] onto handler of type [class org.springframework.web.servlet.resource.ResourceHttpRequestHandler]
[2018-04-16 16:49:36.534] [ INFO] [main] DefaultLifecycleProcessor Starting beans in phase 2147483647
[2018-04-16 16:49:36.539] [ INFO] [main] DocumentationPluginsBootstrapper Context refreshed
[2018-04-16 16:49:36.566] [ INFO] [main] DocumentationPluginsBootstrapper Found 1 custom documentation plugin(s)
[2018-04-16 16:49:36.602] [ INFO] [main] ApiListingReferenceScanner Scanning for api listing references
[2018-04-16 16:49:36.787] [ INFO] [main] RedissonTest Started RedissonTest in 6.533 seconds (JVM running for 7.147)
[2018-04-16 16:49:36.821] [ERROR] [main] TestContextManager Caught exception while allowing TestExecutionListener [org.springframework.boot.test.autoconfigure.SpringBootDependencyInjectionTestExecutionListener@12c8a2c0] to prepare test instance [com.company.project.RedissonTest@105ffc58]
org.springframework.beans.factory.UnsatisfiedDependencyException: Error creating bean with name 'com.company.project.RedissonTest': Unsatisfied dependency expressed through field 'client'; nested exception is org.springframework.beans.factory.NoSuchBeanDefinitionException: No qualifying bean of type 'org.redisson.api.RedissonClient' available: expected at least 1 bean which qualifies as autowire candidate. Dependency annotations: {@org.springframework.beans.factory.annotation.Autowired(required=true)}
	at org.springframework.beans.factory.annotation.AutowiredAnnotationBeanPostProcessor$AutowiredFieldElement.inject(AutowiredAnnotationBeanPostProcessor.java:588)
	at org.springframework.beans.factory.annotation.InjectionMetadata.inject(InjectionMetadata.java:88)
	at org.springframework.beans.factory.annotation.AutowiredAnnotationBeanPostProcessor.postProcessPropertyValues(AutowiredAnnotationBeanPostProcessor.java:366)
	at org.springframework.beans.factory.support.AbstractAutowireCapableBeanFactory.populateBean(AbstractAutowireCapableBeanFactory.java:1264)
	at org.springframework.beans.factory.support.AbstractAutowireCapableBeanFactory.autowireBeanProperties(AbstractAutowireCapableBeanFactory.java:386)
	at org.springframework.test.context.support.DependencyInjectionTestExecutionListener.injectDependencies(DependencyInjectionTestExecutionListener.java:118)
	at org.springframework.test.context.support.DependencyInjectionTestExecutionListener.prepareTestInstance(DependencyInjectionTestExecutionListener.java:83)
	at org.springframework.boot.test.autoconfigure.SpringBootDependencyInjectionTestExecutionListener.prepareTestInstance(SpringBootDependencyInjectionTestExecutionListener.java:44)
	at org.springframework.test.context.TestContextManager.prepareTestInstance(TestContextManager.java:230)
	at org.springframework.test.context.junit4.SpringJUnit4ClassRunner.createTest(SpringJUnit4ClassRunner.java:228)
	at org.springframework.test.context.junit4.SpringJUnit4ClassRunner$1.runReflectiveCall(SpringJUnit4ClassRunner.java:287)
	at org.junit.internal.runners.model.ReflectiveCallable.run(ReflectiveCallable.java:12)
	at org.springframework.test.context.junit4.SpringJUnit4ClassRunner.methodBlock(SpringJUnit4ClassRunner.java:289)
	at org.springframework.test.context.junit4.SpringJUnit4ClassRunner.runChild(SpringJUnit4ClassRunner.java:247)
	at org.springframework.test.context.junit4.SpringJUnit4ClassRunner.runChild(SpringJUnit4ClassRunner.java:94)
	at org.junit.runners.ParentRunner$3.run(ParentRunner.java:290)
	at org.junit.runners.ParentRunner$1.schedule(ParentRunner.java:71)
	at org.junit.runners.ParentRunner.runChildren(ParentRunner.java:288)
	at org.junit.runners.ParentRunner.access$000(ParentRunner.java:58)
	at org.junit.runners.ParentRunner$2.evaluate(ParentRunner.java:268)
	at org.springframework.test.context.junit4.statements.RunBeforeTestClassCallbacks.evaluate(RunBeforeTestClassCallbacks.java:61)
	at org.springframework.test.context.junit4.statements.RunAfterTestClassCallbacks.evaluate(RunAfterTestClassCallbacks.java:70)
	at org.junit.runners.ParentRunner.run(ParentRunner.java:363)
	at org.springframework.test.context.junit4.SpringJUnit4ClassRunner.run(SpringJUnit4ClassRunner.java:191)
	at org.eclipse.jdt.internal.junit4.runner.JUnit4TestReference.run(JUnit4TestReference.java:86)
	at org.eclipse.jdt.internal.junit.runner.TestExecution.run(TestExecution.java:38)
	at org.eclipse.jdt.internal.junit.runner.RemoteTestRunner.runTests(RemoteTestRunner.java:538)
	at org.eclipse.jdt.internal.junit.runner.RemoteTestRunner.runTests(RemoteTestRunner.java:760)
	at org.eclipse.jdt.internal.junit.runner.RemoteTestRunner.run(RemoteTestRunner.java:460)
	at org.eclipse.jdt.internal.junit.runner.RemoteTestRunner.main(RemoteTestRunner.java:206)
Caused by: org.springframework.beans.factory.NoSuchBeanDefinitionException: No qualifying bean of type 'org.redisson.api.RedissonClient' available: expected at least 1 bean which qualifies as autowire candidate. Dependency annotations: {@org.springframework.beans.factory.annotation.Autowired(required=true)}
	at org.springframework.beans.factory.support.DefaultListableBeanFactory.raiseNoMatchingBeanFound(DefaultListableBeanFactory.java:1493)
	at org.springframework.beans.factory.support.DefaultListableBeanFactory.doResolveDependency(DefaultListableBeanFactory.java:1104)
	at org.springframework.beans.factory.support.DefaultListableBeanFactory.resolveDependency(DefaultListableBeanFactory.java:1066)
	at org.springframework.beans.factory.annotation.AutowiredAnnotationBeanPostProcessor$AutowiredFieldElement.inject(AutowiredAnnotationBeanPostProcessor.java:585)
	... 29 common frames omitted
[2018-04-16 16:49:36.838] [ INFO] [Thread-3] GenericWebApplicationContext Closing org.springframework.web.context.support.GenericWebApplicationContext@53ce1329: startup date [Mon Apr 16 16:49:30 CST 2018]; root of context hierarchy
[2018-04-16 16:49:36.840] [ INFO] [Thread-3] DefaultLifecycleProcessor Stopping beans in phase 2147483647
[2018-04-16 16:51:38.607] [ INFO] [main] RedissonTest Starting RedissonTest on tank.local with PID 1650 (started by duanzhiwei in /Users/duanzhiwei/work/self/spring-boot-api-project-seed-master)
[2018-04-16 16:51:38.608] [ INFO] [main] RedissonTest The following profiles are active: prod
[2018-04-16 16:51:38.637] [ INFO] [main] GenericWebApplicationContext Refreshing org.springframework.web.context.support.GenericWebApplicationContext@53ce1329: startup date [Mon Apr 16 16:51:38 CST 2018]; root of context hierarchy
[2018-04-16 16:51:38.906] [ INFO] [background-preinit] Version HV000001: Hibernate Validator 5.3.6.Final
[2018-04-16 16:51:39.435] [ WARN] [main] ClassPathMapperScanner No MyBatis mapper was found in '[com.company.project]' package. Please check your configuration.
[2018-04-16 16:51:39.508] [ WARN] [main] ConfigurationClassPostProcessor Cannot enhance @Configuration bean definition 'mybatisConfigurer' since its singleton instance has been created too early. The typical cause is a non-static @Bean method with a BeanDefinitionRegistryPostProcessor return type: Consider declaring such methods as 'static'.
[2018-04-16 16:51:39.868] [ INFO] [main] PostProcessorRegistrationDelegate$BeanPostProcessorChecker Bean 'org.springframework.transaction.annotation.ProxyTransactionManagementConfiguration' of type [org.springframework.transaction.annotation.ProxyTransactionManagementConfiguration$$EnhancerBySpringCGLIB$$88a281ae] is not eligible for getting processed by all BeanPostProcessors (for example: not eligible for auto-proxying)
[2018-04-16 16:51:41.381] [ INFO] [main] MybatisConfigurer --------------------  sqlSessionFactory init ---------------------
[2018-04-16 16:51:42.316] [ INFO] [main] RequestMappingHandlerMapping Mapped "{[/student],methods=[POST]}" onto public com.company.project.core.common.Result<com.company.project.domain.model.Student> com.company.project.web.StudentController.add(com.company.project.domain.model.Student)
[2018-04-16 16:51:42.317] [ INFO] [main] RequestMappingHandlerMapping Mapped "{[/student],methods=[PUT]}" onto public com.company.project.core.common.Result<com.company.project.domain.model.Student> com.company.project.web.StudentController.update(com.company.project.domain.model.Student)
[2018-04-16 16:51:42.317] [ INFO] [main] RequestMappingHandlerMapping Mapped "{[/student/{id}],methods=[DELETE]}" onto public com.company.project.core.common.Result<java.lang.String> com.company.project.web.StudentController.delete(java.lang.String)
[2018-04-16 16:51:42.317] [ INFO] [main] RequestMappingHandlerMapping Mapped "{[/student],methods=[GET]}" onto public com.company.project.core.common.Result<com.github.pagehelper.PageInfo<com.company.project.domain.model.Student>> com.company.project.web.StudentController.list(java.lang.Integer,java.lang.Integer)
[2018-04-16 16:51:42.318] [ INFO] [main] RequestMappingHandlerMapping Mapped "{[/student/{id}],methods=[GET]}" onto public com.company.project.core.common.Result<com.company.project.domain.model.Student> com.company.project.web.StudentController.detail(java.lang.String)
[2018-04-16 16:51:42.322] [ INFO] [main] RequestMappingHandlerMapping Mapped "{[/swagger-resources]}" onto public org.springframework.http.ResponseEntity<java.util.List<springfox.documentation.swagger.web.SwaggerResource>> springfox.documentation.swagger.web.ApiResourceController.swaggerResources()
[2018-04-16 16:51:42.322] [ INFO] [main] RequestMappingHandlerMapping Mapped "{[/swagger-resources/configuration/security]}" onto public org.springframework.http.ResponseEntity<springfox.documentation.swagger.web.SecurityConfiguration> springfox.documentation.swagger.web.ApiResourceController.securityConfiguration()
[2018-04-16 16:51:42.323] [ INFO] [main] RequestMappingHandlerMapping Mapped "{[/swagger-resources/configuration/ui]}" onto public org.springframework.http.ResponseEntity<springfox.documentation.swagger.web.UiConfiguration> springfox.documentation.swagger.web.ApiResourceController.uiConfiguration()
[2018-04-16 16:51:42.326] [ INFO] [main] RequestMappingHandlerMapping Mapped "{[/error]}" onto public org.springframework.http.ResponseEntity<java.util.Map<java.lang.String, java.lang.Object>> org.springframework.boot.autoconfigure.web.BasicErrorController.error(javax.servlet.http.HttpServletRequest)
[2018-04-16 16:51:42.327] [ INFO] [main] RequestMappingHandlerMapping Mapped "{[/error],produces=[text/html]}" onto public org.springframework.web.servlet.ModelAndView org.springframework.boot.autoconfigure.web.BasicErrorController.errorHtml(javax.servlet.http.HttpServletRequest,javax.servlet.http.HttpServletResponse)
[2018-04-16 16:51:42.511] [ INFO] [main] PropertySourcedRequestMappingHandlerMapping Mapped URL path [/v2/api-docs] onto method [public org.springframework.http.ResponseEntity<springfox.documentation.spring.web.json.Json> springfox.documentation.swagger2.web.Swagger2Controller.getDocumentation(java.lang.String,javax.servlet.http.HttpServletRequest)]
[2018-04-16 16:51:42.518] [ INFO] [main] Swagger2 swagger组件开启状态：true
[2018-04-16 16:51:42.996] [ INFO] [main] RequestMappingHandlerAdapter Looking for @ControllerAdvice: org.springframework.web.context.support.GenericWebApplicationContext@53ce1329: startup date [Mon Apr 16 16:51:38 CST 2018]; root of context hierarchy
[2018-04-16 16:51:43.082] [ INFO] [main] SimpleUrlHandlerMapping Mapped URL path [/webjars/**] onto handler of type [class org.springframework.web.servlet.resource.ResourceHttpRequestHandler]
[2018-04-16 16:51:43.082] [ INFO] [main] SimpleUrlHandlerMapping Mapped URL path [/**] onto handler of type [class org.springframework.web.servlet.resource.ResourceHttpRequestHandler]
[2018-04-16 16:51:43.120] [ INFO] [main] SimpleUrlHandlerMapping Mapped URL path [/**/favicon.ico] onto handler of type [class org.springframework.web.servlet.resource.ResourceHttpRequestHandler]
[2018-04-16 16:51:43.480] [ INFO] [main] DefaultLifecycleProcessor Starting beans in phase 2147483647
[2018-04-16 16:51:43.481] [ INFO] [main] DocumentationPluginsBootstrapper Context refreshed
[2018-04-16 16:51:43.503] [ INFO] [main] DocumentationPluginsBootstrapper Found 1 custom documentation plugin(s)
[2018-04-16 16:51:43.531] [ INFO] [main] ApiListingReferenceScanner Scanning for api listing references
[2018-04-16 16:51:43.677] [ INFO] [main] RedissonTest Started RedissonTest in 5.612 seconds (JVM running for 6.213)
[2018-04-16 16:51:43.705] [ERROR] [main] TestContextManager Caught exception while allowing TestExecutionListener [org.springframework.boot.test.autoconfigure.SpringBootDependencyInjectionTestExecutionListener@12c8a2c0] to prepare test instance [com.company.project.RedissonTest@2248d140]
org.springframework.beans.factory.UnsatisfiedDependencyException: Error creating bean with name 'com.company.project.RedissonTest': Unsatisfied dependency expressed through field 'client'; nested exception is org.springframework.beans.factory.NoSuchBeanDefinitionException: No qualifying bean of type 'org.redisson.api.RedissonClient' available: expected at least 1 bean which qualifies as autowire candidate. Dependency annotations: {@org.springframework.beans.factory.annotation.Autowired(required=true)}
	at org.springframework.beans.factory.annotation.AutowiredAnnotationBeanPostProcessor$AutowiredFieldElement.inject(AutowiredAnnotationBeanPostProcessor.java:588)
	at org.springframework.beans.factory.annotation.InjectionMetadata.inject(InjectionMetadata.java:88)
	at org.springframework.beans.factory.annotation.AutowiredAnnotationBeanPostProcessor.postProcessPropertyValues(AutowiredAnnotationBeanPostProcessor.java:366)
	at org.springframework.beans.factory.support.AbstractAutowireCapableBeanFactory.populateBean(AbstractAutowireCapableBeanFactory.java:1264)
	at org.springframework.beans.factory.support.AbstractAutowireCapableBeanFactory.autowireBeanProperties(AbstractAutowireCapableBeanFactory.java:386)
	at org.springframework.test.context.support.DependencyInjectionTestExecutionListener.injectDependencies(DependencyInjectionTestExecutionListener.java:118)
	at org.springframework.test.context.support.DependencyInjectionTestExecutionListener.prepareTestInstance(DependencyInjectionTestExecutionListener.java:83)
	at org.springframework.boot.test.autoconfigure.SpringBootDependencyInjectionTestExecutionListener.prepareTestInstance(SpringBootDependencyInjectionTestExecutionListener.java:44)
	at org.springframework.test.context.TestContextManager.prepareTestInstance(TestContextManager.java:230)
	at org.springframework.test.context.junit4.SpringJUnit4ClassRunner.createTest(SpringJUnit4ClassRunner.java:228)
	at org.springframework.test.context.junit4.SpringJUnit4ClassRunner$1.runReflectiveCall(SpringJUnit4ClassRunner.java:287)
	at org.junit.internal.runners.model.ReflectiveCallable.run(ReflectiveCallable.java:12)
	at org.springframework.test.context.junit4.SpringJUnit4ClassRunner.methodBlock(SpringJUnit4ClassRunner.java:289)
	at org.springframework.test.context.junit4.SpringJUnit4ClassRunner.runChild(SpringJUnit4ClassRunner.java:247)
	at org.springframework.test.context.junit4.SpringJUnit4ClassRunner.runChild(SpringJUnit4ClassRunner.java:94)
	at org.junit.runners.ParentRunner$3.run(ParentRunner.java:290)
	at org.junit.runners.ParentRunner$1.schedule(ParentRunner.java:71)
	at org.junit.runners.ParentRunner.runChildren(ParentRunner.java:288)
	at org.junit.runners.ParentRunner.access$000(ParentRunner.java:58)
	at org.junit.runners.ParentRunner$2.evaluate(ParentRunner.java:268)
	at org.springframework.test.context.junit4.statements.RunBeforeTestClassCallbacks.evaluate(RunBeforeTestClassCallbacks.java:61)
	at org.springframework.test.context.junit4.statements.RunAfterTestClassCallbacks.evaluate(RunAfterTestClassCallbacks.java:70)
	at org.junit.runners.ParentRunner.run(ParentRunner.java:363)
	at org.springframework.test.context.junit4.SpringJUnit4ClassRunner.run(SpringJUnit4ClassRunner.java:191)
	at org.eclipse.jdt.internal.junit4.runner.JUnit4TestReference.run(JUnit4TestReference.java:86)
	at org.eclipse.jdt.internal.junit.runner.TestExecution.run(TestExecution.java:38)
	at org.eclipse.jdt.internal.junit.runner.RemoteTestRunner.runTests(RemoteTestRunner.java:538)
	at org.eclipse.jdt.internal.junit.runner.RemoteTestRunner.runTests(RemoteTestRunner.java:760)
	at org.eclipse.jdt.internal.junit.runner.RemoteTestRunner.run(RemoteTestRunner.java:460)
	at org.eclipse.jdt.internal.junit.runner.RemoteTestRunner.main(RemoteTestRunner.java:206)
Caused by: org.springframework.beans.factory.NoSuchBeanDefinitionException: No qualifying bean of type 'org.redisson.api.RedissonClient' available: expected at least 1 bean which qualifies as autowire candidate. Dependency annotations: {@org.springframework.beans.factory.annotation.Autowired(required=true)}
	at org.springframework.beans.factory.support.DefaultListableBeanFactory.raiseNoMatchingBeanFound(DefaultListableBeanFactory.java:1493)
	at org.springframework.beans.factory.support.DefaultListableBeanFactory.doResolveDependency(DefaultListableBeanFactory.java:1104)
	at org.springframework.beans.factory.support.DefaultListableBeanFactory.resolveDependency(DefaultListableBeanFactory.java:1066)
	at org.springframework.beans.factory.annotation.AutowiredAnnotationBeanPostProcessor$AutowiredFieldElement.inject(AutowiredAnnotationBeanPostProcessor.java:585)
	... 29 common frames omitted
[2018-04-16 16:51:43.716] [ INFO] [Thread-3] GenericWebApplicationContext Closing org.springframework.web.context.support.GenericWebApplicationContext@53ce1329: startup date [Mon Apr 16 16:51:38 CST 2018]; root of context hierarchy
