[2018-01-20 18:35:38.885] [ INFO] [restartedMain] Application Starting Application on tank.local with PID 1306 (/Users/duanzhiwei/work/self/spring-boot-api-project-seed-master/target/classes started by duanzhiwei in /Users/duanzhiwei/work/self/spring-boot-api-project-seed-master)
[2018-01-20 18:35:38.886] [ INFO] [restartedMain] Application The following profiles are active: prod
[2018-01-20 18:35:38.931] [ INFO] [restartedMain] AnnotationConfigEmbeddedWebApplicationContext Refreshing org.springframework.boot.context.embedded.AnnotationConfigEmbeddedWebApplicationContext@12581661: startup date [Sat Jan 20 18:35:38 CST 2018]; root of context hierarchy
[2018-01-20 18:35:39.142] [ INFO] [background-preinit] Version HV000001: Hibernate Validator 5.3.6.Final
[2018-01-20 18:35:39.759] [ WARN] [restartedMain] ClassPathMapperScanner No MyBatis mapper was found in '[com.company.project]' package. Please check your configuration.
[2018-01-20 18:35:39.836] [ WARN] [restartedMain] ConfigurationClassPostProcessor Cannot enhance @Configuration bean definition 'mybatisConfigurer' since its singleton instance has been created too early. The typical cause is a non-static @Bean method with a BeanDefinitionRegistryPostProcessor return type: Consider declaring such methods as 'static'.
[2018-01-20 18:35:40.116] [ INFO] [restartedMain] PostProcessorRegistrationDelegate$BeanPostProcessorChecker Bean 'org.springframework.transaction.annotation.ProxyTransactionManagementConfiguration' of type [org.springframework.transaction.annotation.ProxyTransactionManagementConfiguration$$EnhancerBySpringCGLIB$$d26de220] is not eligible for getting processed by all BeanPostProcessors (for example: not eligible for auto-proxying)
[2018-01-20 18:35:40.704] [ INFO] [restartedMain] TomcatEmbeddedServletContainer Tomcat initialized with port(s): 8080 (http)
[2018-01-20 18:35:40.713] [ INFO] [restartedMain] StandardService Starting service [Tomcat]
[2018-01-20 18:35:40.714] [ INFO] [restartedMain] StandardEngine Starting Servlet Engine: Apache Tomcat/8.5.23
[2018-01-20 18:35:40.797] [ INFO] [localhost-startStop-1] [/test] Initializing Spring embedded WebApplicationContext
[2018-01-20 18:35:40.797] [ INFO] [localhost-startStop-1] ContextLoader Root WebApplicationContext: initialization completed in 1866 ms
[2018-01-20 18:35:41.038] [ INFO] [localhost-startStop-1] ServletRegistrationBean Mapping servlet: 'dispatcherServlet' to [/]
[2018-01-20 18:35:41.039] [ INFO] [localhost-startStop-1] ServletRegistrationBean Mapping servlet: 'statViewServlet' to [/druid/*]
[2018-01-20 18:35:41.042] [ INFO] [localhost-startStop-1] FilterRegistrationBean Mapping filter: 'characterEncodingFilter' to: [/*]
[2018-01-20 18:35:41.042] [ INFO] [localhost-startStop-1] FilterRegistrationBean Mapping filter: 'hiddenHttpMethodFilter' to: [/*]
[2018-01-20 18:35:41.042] [ INFO] [localhost-startStop-1] FilterRegistrationBean Mapping filter: 'httpPutFormContentFilter' to: [/*]
[2018-01-20 18:35:41.042] [ INFO] [localhost-startStop-1] FilterRegistrationBean Mapping filter: 'requestContextFilter' to: [/*]
[2018-01-20 18:35:41.042] [ INFO] [localhost-startStop-1] FilterRegistrationBean Mapping filter: 'webStatFilter' to urls: [/*]
[2018-01-20 18:35:42.118] [ INFO] [restartedMain] MybatisConfigurer --------------------  sqlSessionFactory init ---------------------
[2018-01-20 18:35:42.823] [ INFO] [restartedMain] RequestMappingHandlerMapping Mapped "{[/student],methods=[POST]}" onto public com.company.project.core.common.Result<com.company.project.domain.model.Student> com.company.project.web.StudentController.add(com.company.project.domain.model.Student)
[2018-01-20 18:35:42.824] [ INFO] [restartedMain] RequestMappingHandlerMapping Mapped "{[/student],methods=[PUT]}" onto public com.company.project.core.common.Result<com.company.project.domain.model.Student> com.company.project.web.StudentController.update(com.company.project.domain.model.Student)
[2018-01-20 18:35:42.824] [ INFO] [restartedMain] RequestMappingHandlerMapping Mapped "{[/student/{id}],methods=[DELETE]}" onto public com.company.project.core.common.Result<java.lang.String> com.company.project.web.StudentController.delete(java.lang.String)
[2018-01-20 18:35:42.825] [ INFO] [restartedMain] RequestMappingHandlerMapping Mapped "{[/student],methods=[GET]}" onto public com.company.project.core.common.Result<com.github.pagehelper.PageInfo<com.company.project.domain.model.Student>> com.company.project.web.StudentController.list(java.lang.Integer,java.lang.Integer)
[2018-01-20 18:35:42.825] [ INFO] [restartedMain] RequestMappingHandlerMapping Mapped "{[/student/{id}],methods=[GET]}" onto public com.company.project.core.common.Result<com.company.project.domain.model.Student> com.company.project.web.StudentController.detail(java.lang.String)
[2018-01-20 18:35:42.829] [ INFO] [restartedMain] RequestMappingHandlerMapping Mapped "{[/swagger-resources/configuration/ui]}" onto public org.springframework.http.ResponseEntity<springfox.documentation.swagger.web.UiConfiguration> springfox.documentation.swagger.web.ApiResourceController.uiConfiguration()
[2018-01-20 18:35:42.829] [ INFO] [restartedMain] RequestMappingHandlerMapping Mapped "{[/swagger-resources/configuration/security]}" onto public org.springframework.http.ResponseEntity<springfox.documentation.swagger.web.SecurityConfiguration> springfox.documentation.swagger.web.ApiResourceController.securityConfiguration()
[2018-01-20 18:35:42.830] [ INFO] [restartedMain] RequestMappingHandlerMapping Mapped "{[/swagger-resources]}" onto public org.springframework.http.ResponseEntity<java.util.List<springfox.documentation.swagger.web.SwaggerResource>> springfox.documentation.swagger.web.ApiResourceController.swaggerResources()
[2018-01-20 18:35:42.832] [ INFO] [restartedMain] RequestMappingHandlerMapping Mapped "{[/error]}" onto public org.springframework.http.ResponseEntity<java.util.Map<java.lang.String, java.lang.Object>> org.springframework.boot.autoconfigure.web.BasicErrorController.error(javax.servlet.http.HttpServletRequest)
[2018-01-20 18:35:42.832] [ INFO] [restartedMain] RequestMappingHandlerMapping Mapped "{[/error],produces=[text/html]}" onto public org.springframework.web.servlet.ModelAndView org.springframework.boot.autoconfigure.web.BasicErrorController.errorHtml(javax.servlet.http.HttpServletRequest,javax.servlet.http.HttpServletResponse)
[2018-01-20 18:35:43.025] [ INFO] [restartedMain] PropertySourcedRequestMappingHandlerMapping Mapped URL path [/v2/api-docs] onto method [public org.springframework.http.ResponseEntity<springfox.documentation.spring.web.json.Json> springfox.documentation.swagger2.web.Swagger2Controller.getDocumentation(java.lang.String,javax.servlet.http.HttpServletRequest)]
[2018-01-20 18:35:43.033] [ INFO] [restartedMain] Swagger2 swagger组件开启状态：true
[2018-01-20 18:35:43.242] [ INFO] [restartedMain] RequestMappingHandlerAdapter Looking for @ControllerAdvice: org.springframework.boot.context.embedded.AnnotationConfigEmbeddedWebApplicationContext@12581661: startup date [Sat Jan 20 18:35:38 CST 2018]; root of context hierarchy
[2018-01-20 18:35:43.291] [ INFO] [restartedMain] SimpleUrlHandlerMapping Mapped URL path [/webjars/**] onto handler of type [class org.springframework.web.servlet.resource.ResourceHttpRequestHandler]
[2018-01-20 18:35:43.291] [ INFO] [restartedMain] SimpleUrlHandlerMapping Mapped URL path [/**] onto handler of type [class org.springframework.web.servlet.resource.ResourceHttpRequestHandler]
[2018-01-20 18:35:43.323] [ INFO] [restartedMain] SimpleUrlHandlerMapping Mapped URL path [/**/favicon.ico] onto handler of type [class org.springframework.web.servlet.resource.ResourceHttpRequestHandler]
[2018-01-20 18:35:43.554] [ INFO] [restartedMain] OptionalLiveReloadServer LiveReload server is running on port 35729
[2018-01-20 18:35:43.606] [ INFO] [restartedMain] AnnotationMBeanExporter Registering beans for JMX exposure on startup
[2018-01-20 18:35:43.607] [ INFO] [restartedMain] AnnotationMBeanExporter Bean with name 'dataSourceWrite' has been autodetected for JMX exposure
[2018-01-20 18:35:43.607] [ INFO] [restartedMain] AnnotationMBeanExporter Bean with name 'dataSourceRead' has been autodetected for JMX exposure
[2018-01-20 18:35:43.608] [ INFO] [restartedMain] AnnotationMBeanExporter Bean with name 'statFilter' has been autodetected for JMX exposure
[2018-01-20 18:35:43.612] [ INFO] [restartedMain] AnnotationMBeanExporter Located MBean 'dataSourceWrite': registering with JMX server as MBean [test:name=dataSourceWrite,type=DruidDataSourceWrapper]
[2018-01-20 18:35:43.614] [ INFO] [restartedMain] AnnotationMBeanExporter Located MBean 'dataSourceRead': registering with JMX server as MBean [test:name=dataSourceRead,type=DruidDataSourceWrapper]
[2018-01-20 18:35:43.615] [ INFO] [restartedMain] AnnotationMBeanExporter Located MBean 'statFilter': registering with JMX server as MBean [test:name=statFilter,type=StatFilter]
[2018-01-20 18:35:43.617] [ INFO] [restartedMain] DefaultLifecycleProcessor Starting beans in phase 2147483647
[2018-01-20 18:35:43.617] [ INFO] [restartedMain] DocumentationPluginsBootstrapper Context refreshed
[2018-01-20 18:35:43.636] [ INFO] [restartedMain] DocumentationPluginsBootstrapper Found 1 custom documentation plugin(s)
[2018-01-20 18:35:43.661] [ INFO] [restartedMain] ApiListingReferenceScanner Scanning for api listing references
[2018-01-20 18:35:43.794] [ INFO] [restartedMain] Http11NioProtocol Initializing ProtocolHandler ["http-nio-8080"]
[2018-01-20 18:35:43.804] [ INFO] [restartedMain] Http11NioProtocol Starting ProtocolHandler ["http-nio-8080"]
[2018-01-20 18:35:43.822] [ INFO] [restartedMain] NioSelectorPool Using a shared selector for servlet write/read
[2018-01-20 18:35:43.836] [ INFO] [restartedMain] TomcatEmbeddedServletContainer Tomcat started on port(s): 8080 (http)
[2018-01-20 18:35:43.841] [ INFO] [restartedMain] Application Started Application in 5.338 seconds (JVM running for 5.708)
[2018-01-20 18:36:00.929] [ INFO] [http-nio-8080-exec-1] [/test] Initializing Spring FrameworkServlet 'dispatcherServlet'
[2018-01-20 18:36:00.929] [ INFO] [http-nio-8080-exec-1] DispatcherServlet FrameworkServlet 'dispatcherServlet': initialization started
[2018-01-20 18:36:00.958] [ INFO] [http-nio-8080-exec-1] DispatcherServlet FrameworkServlet 'dispatcherServlet': initialization completed in 29 ms
[2018-01-20 18:36:01.025] [ INFO] [http-nio-8080-exec-1] DataSourceContextHolder 数据库切换到写库...
[2018-01-20 18:36:01.371] [ INFO] [http-nio-8080-exec-1] DruidDataSource {dataSource-1} inited
[2018-01-20 18:36:20.154] [ INFO] [http-nio-8080-exec-2] DataSourceContextHolder 数据库切换到写库...
[2018-01-20 18:36:20.192] [ INFO] [http-nio-8080-exec-2] XmlBeanDefinitionReader Loading XML bean definitions from class path resource [org/springframework/jdbc/support/sql-error-codes.xml]
[2018-01-20 18:36:20.229] [ INFO] [http-nio-8080-exec-2] SQLErrorCodesFactory SQLErrorCodes loaded: [DB2, Derby, H2, HSQL, Informix, MS-SQL, MySQL, Oracle, PostgreSQL, Sybase, Hana]
[2018-01-20 18:36:20.236] [ERROR] [http-nio-8080-exec-2] [dispatcherServlet] Servlet.service() for servlet [dispatcherServlet] in context with path [/test] threw exception [Request processing failed; nested exception is org.springframework.dao.DuplicateKeyException: 
### Error updating database.  Cause: com.mysql.jdbc.exceptions.jdbc4.MySQLIntegrityConstraintViolationException: Duplicate entry 'string' for key 'PRIMARY'
### The error may exist in com/company/project/dao/StudentMapper.java (best guess)
### The error may involve com.company.project.dao.StudentMapper.insertSelective-Inline
### The error occurred while setting parameters
### SQL: INSERT INTO student  ( id,stu_name,cource_name,score ) VALUES( ?,?,?,? )
### Cause: com.mysql.jdbc.exceptions.jdbc4.MySQLIntegrityConstraintViolationException: Duplicate entry 'string' for key 'PRIMARY'
; SQL []; Duplicate entry 'string' for key 'PRIMARY'; nested exception is com.mysql.jdbc.exceptions.jdbc4.MySQLIntegrityConstraintViolationException: Duplicate entry 'string' for key 'PRIMARY'] with root cause
com.mysql.jdbc.exceptions.jdbc4.MySQLIntegrityConstraintViolationException: Duplicate entry 'string' for key 'PRIMARY'
	at sun.reflect.NativeConstructorAccessorImpl.newInstance0(Native Method)
	at sun.reflect.NativeConstructorAccessorImpl.newInstance(NativeConstructorAccessorImpl.java:62)
	at sun.reflect.DelegatingConstructorAccessorImpl.newInstance(DelegatingConstructorAccessorImpl.java:45)
	at java.lang.reflect.Constructor.newInstance(Constructor.java:422)
	at com.mysql.jdbc.Util.handleNewInstance(Util.java:425)
	at com.mysql.jdbc.Util.getInstance(Util.java:408)
	at com.mysql.jdbc.SQLError.createSQLException(SQLError.java:935)
	at com.mysql.jdbc.MysqlIO.checkErrorPacket(MysqlIO.java:3973)
	at com.mysql.jdbc.MysqlIO.checkErrorPacket(MysqlIO.java:3909)
	at com.mysql.jdbc.MysqlIO.sendCommand(MysqlIO.java:2527)
	at com.mysql.jdbc.MysqlIO.sqlQueryDirect(MysqlIO.java:2680)
	at com.mysql.jdbc.ConnectionImpl.execSQL(ConnectionImpl.java:2487)
	at com.mysql.jdbc.PreparedStatement.executeInternal(PreparedStatement.java:1858)
	at com.mysql.jdbc.PreparedStatement.execute(PreparedStatement.java:1197)
	at com.alibaba.druid.filter.FilterChainImpl.preparedStatement_execute(FilterChainImpl.java:3051)
	at com.alibaba.druid.filter.FilterEventAdapter.preparedStatement_execute(FilterEventAdapter.java:440)
	at com.alibaba.druid.filter.FilterChainImpl.preparedStatement_execute(FilterChainImpl.java:3049)
	at com.alibaba.druid.proxy.jdbc.PreparedStatementProxyImpl.execute(PreparedStatementProxyImpl.java:167)
	at com.alibaba.druid.pool.DruidPooledPreparedStatement.execute(DruidPooledPreparedStatement.java:498)
	at org.apache.ibatis.executor.statement.PreparedStatementHandler.update(PreparedStatementHandler.java:46)
	at org.apache.ibatis.executor.statement.RoutingStatementHandler.update(RoutingStatementHandler.java:74)
	at org.apache.ibatis.executor.SimpleExecutor.doUpdate(SimpleExecutor.java:50)
	at org.apache.ibatis.executor.BaseExecutor.update(BaseExecutor.java:117)
	at org.apache.ibatis.executor.CachingExecutor.update(CachingExecutor.java:76)
	at sun.reflect.NativeMethodAccessorImpl.invoke0(Native Method)
	at sun.reflect.NativeMethodAccessorImpl.invoke(NativeMethodAccessorImpl.java:62)
	at sun.reflect.DelegatingMethodAccessorImpl.invoke(DelegatingMethodAccessorImpl.java:43)
	at java.lang.reflect.Method.invoke(Method.java:497)
	at org.apache.ibatis.plugin.Plugin.invoke(Plugin.java:63)
	at com.sun.proxy.$Proxy111.update(Unknown Source)
	at org.apache.ibatis.session.defaults.DefaultSqlSession.update(DefaultSqlSession.java:198)
	at org.apache.ibatis.session.defaults.DefaultSqlSession.insert(DefaultSqlSession.java:185)
	at sun.reflect.NativeMethodAccessorImpl.invoke0(Native Method)
	at sun.reflect.NativeMethodAccessorImpl.invoke(NativeMethodAccessorImpl.java:62)
	at sun.reflect.DelegatingMethodAccessorImpl.invoke(DelegatingMethodAccessorImpl.java:43)
	at java.lang.reflect.Method.invoke(Method.java:497)
	at org.mybatis.spring.SqlSessionTemplate$SqlSessionInterceptor.invoke(SqlSessionTemplate.java:433)
	at com.sun.proxy.$Proxy84.insert(Unknown Source)
	at org.mybatis.spring.SqlSessionTemplate.insert(SqlSessionTemplate.java:278)
	at org.apache.ibatis.binding.MapperMethod.execute(MapperMethod.java:57)
	at org.apache.ibatis.binding.MapperProxy.invoke(MapperProxy.java:59)
	at com.sun.proxy.$Proxy88.insertSelective(Unknown Source)
	at com.company.project.core.common.AbstractService.save(AbstractService.java:40)
	at sun.reflect.NativeMethodAccessorImpl.invoke0(Native Method)
	at sun.reflect.NativeMethodAccessorImpl.invoke(NativeMethodAccessorImpl.java:62)
	at sun.reflect.DelegatingMethodAccessorImpl.invoke(DelegatingMethodAccessorImpl.java:43)
	at java.lang.reflect.Method.invoke(Method.java:497)
	at org.springframework.aop.support.AopUtils.invokeJoinpointUsingReflection(AopUtils.java:333)
	at org.springframework.aop.framework.ReflectiveMethodInvocation.invokeJoinpoint(ReflectiveMethodInvocation.java:190)
	at org.springframework.aop.framework.ReflectiveMethodInvocation.proceed(ReflectiveMethodInvocation.java:157)
	at org.springframework.aop.framework.adapter.MethodBeforeAdviceInterceptor.invoke(MethodBeforeAdviceInterceptor.java:52)
	at org.springframework.aop.framework.ReflectiveMethodInvocation.proceed(ReflectiveMethodInvocation.java:168)
	at org.springframework.aop.interceptor.ExposeInvocationInterceptor.invoke(ExposeInvocationInterceptor.java:92)
	at org.springframework.aop.framework.ReflectiveMethodInvocation.proceed(ReflectiveMethodInvocation.java:179)
	at org.springframework.aop.framework.JdkDynamicAopProxy.invoke(JdkDynamicAopProxy.java:213)
	at com.sun.proxy.$Proxy90.save(Unknown Source)
	at com.company.project.web.StudentController.add(StudentController.java:37)
	at sun.reflect.NativeMethodAccessorImpl.invoke0(Native Method)
	at sun.reflect.NativeMethodAccessorImpl.invoke(NativeMethodAccessorImpl.java:62)
	at sun.reflect.DelegatingMethodAccessorImpl.invoke(DelegatingMethodAccessorImpl.java:43)
	at java.lang.reflect.Method.invoke(Method.java:497)
	at org.springframework.web.method.support.InvocableHandlerMethod.doInvoke(InvocableHandlerMethod.java:205)
	at org.springframework.web.method.support.InvocableHandlerMethod.invokeForRequest(InvocableHandlerMethod.java:133)
	at org.springframework.web.servlet.mvc.method.annotation.ServletInvocableHandlerMethod.invokeAndHandle(ServletInvocableHandlerMethod.java:97)
	at org.springframework.web.servlet.mvc.method.annotation.RequestMappingHandlerAdapter.invokeHandlerMethod(RequestMappingHandlerAdapter.java:827)
	at org.springframework.web.servlet.mvc.method.annotation.RequestMappingHandlerAdapter.handleInternal(RequestMappingHandlerAdapter.java:738)
	at org.springframework.web.servlet.mvc.method.AbstractHandlerMethodAdapter.handle(AbstractHandlerMethodAdapter.java:85)
	at org.springframework.web.servlet.DispatcherServlet.doDispatch(DispatcherServlet.java:967)
	at org.springframework.web.servlet.DispatcherServlet.doService(DispatcherServlet.java:901)
	at org.springframework.web.servlet.FrameworkServlet.processRequest(FrameworkServlet.java:970)
	at org.springframework.web.servlet.FrameworkServlet.doPost(FrameworkServlet.java:872)
	at javax.servlet.http.HttpServlet.service(HttpServlet.java:661)
	at org.springframework.web.servlet.FrameworkServlet.service(FrameworkServlet.java:846)
	at javax.servlet.http.HttpServlet.service(HttpServlet.java:742)
	at org.apache.catalina.core.ApplicationFilterChain.internalDoFilter(ApplicationFilterChain.java:231)
	at org.apache.catalina.core.ApplicationFilterChain.doFilter(ApplicationFilterChain.java:166)
	at org.apache.tomcat.websocket.server.WsFilter.doFilter(WsFilter.java:52)
	at org.apache.catalina.core.ApplicationFilterChain.internalDoFilter(ApplicationFilterChain.java:193)
	at org.apache.catalina.core.ApplicationFilterChain.doFilter(ApplicationFilterChain.java:166)
	at com.alibaba.druid.support.http.WebStatFilter.doFilter(WebStatFilter.java:123)
	at org.apache.catalina.core.ApplicationFilterChain.internalDoFilter(ApplicationFilterChain.java:193)
	at org.apache.catalina.core.ApplicationFilterChain.doFilter(ApplicationFilterChain.java:166)
	at org.springframework.web.filter.RequestContextFilter.doFilterInternal(RequestContextFilter.java:99)
	at org.springframework.web.filter.OncePerRequestFilter.doFilter(OncePerRequestFilter.java:107)
	at org.apache.catalina.core.ApplicationFilterChain.internalDoFilter(ApplicationFilterChain.java:193)
	at org.apache.catalina.core.ApplicationFilterChain.doFilter(ApplicationFilterChain.java:166)
	at org.springframework.web.filter.HttpPutFormContentFilter.doFilterInternal(HttpPutFormContentFilter.java:108)
	at org.springframework.web.filter.OncePerRequestFilter.doFilter(OncePerRequestFilter.java:107)
	at org.apache.catalina.core.ApplicationFilterChain.internalDoFilter(ApplicationFilterChain.java:193)
	at org.apache.catalina.core.ApplicationFilterChain.doFilter(ApplicationFilterChain.java:166)
	at org.springframework.web.filter.HiddenHttpMethodFilter.doFilterInternal(HiddenHttpMethodFilter.java:81)
	at org.springframework.web.filter.OncePerRequestFilter.doFilter(OncePerRequestFilter.java:107)
	at org.apache.catalina.core.ApplicationFilterChain.internalDoFilter(ApplicationFilterChain.java:193)
	at org.apache.catalina.core.ApplicationFilterChain.doFilter(ApplicationFilterChain.java:166)
	at org.springframework.web.filter.CharacterEncodingFilter.doFilterInternal(CharacterEncodingFilter.java:197)
	at org.springframework.web.filter.OncePerRequestFilter.doFilter(OncePerRequestFilter.java:107)
	at org.apache.catalina.core.ApplicationFilterChain.internalDoFilter(ApplicationFilterChain.java:193)
	at org.apache.catalina.core.ApplicationFilterChain.doFilter(ApplicationFilterChain.java:166)
	at org.apache.catalina.core.StandardWrapperValve.invoke(StandardWrapperValve.java:199)
	at org.apache.catalina.core.StandardContextValve.invoke(StandardContextValve.java:96)
	at org.apache.catalina.authenticator.AuthenticatorBase.invoke(AuthenticatorBase.java:478)
	at org.apache.catalina.core.StandardHostValve.invoke(StandardHostValve.java:140)
	at org.apache.catalina.valves.ErrorReportValve.invoke(ErrorReportValve.java:81)
	at org.apache.catalina.core.StandardEngineValve.invoke(StandardEngineValve.java:87)
	at org.apache.catalina.connector.CoyoteAdapter.service(CoyoteAdapter.java:342)
	at org.apache.coyote.http11.Http11Processor.service(Http11Processor.java:803)
	at org.apache.coyote.AbstractProcessorLight.process(AbstractProcessorLight.java:66)
	at org.apache.coyote.AbstractProtocol$ConnectionHandler.process(AbstractProtocol.java:868)
	at org.apache.tomcat.util.net.NioEndpoint$SocketProcessor.doRun(NioEndpoint.java:1459)
	at org.apache.tomcat.util.net.SocketProcessorBase.run(SocketProcessorBase.java:49)
	at java.util.concurrent.ThreadPoolExecutor.runWorker(ThreadPoolExecutor.java:1142)
	at java.util.concurrent.ThreadPoolExecutor$Worker.run(ThreadPoolExecutor.java:617)
	at org.apache.tomcat.util.threads.TaskThread$WrappingRunnable.run(TaskThread.java:61)
	at java.lang.Thread.run(Thread.java:745)
